[0.019s] Invoking command in '/home/cuk/fanuc_cuk_ws/build/fanuc_crx10ia_support': CMAKE_PREFIX_PATH=${CMAKE_PREFIX_PATH}:/opt/ros/humble /usr/bin/cmake /home/cuk/fanuc_cuk_ws/fanuc_crx10ia_support -DCMAKE_INSTALL_PREFIX=/home/cuk/fanuc_cuk_ws/install/fanuc_crx10ia_support
[0.039s] -- Found ament_cmake: 1.3.12 (/opt/ros/humble/share/ament_cmake/cmake)
[0.213s] -- Found fanuc_resources: 0.0.0 (/home/cuk/fanuc_cuk_ws/install/fanuc_resources/share/fanuc_resources/cmake)
[0.213s] -- Found ros2_control: 2.52.0 (/opt/ros/humble/share/ros2_control/cmake)
[0.214s] -- Found ros2_controllers: 2.50.1 (/opt/ros/humble/share/ros2_controllers/cmake)
[0.214s] -- Found controller_manager: 2.52.0 (/opt/ros/humble/share/controller_manager/cmake)
[0.255s] -- Found rosidl_generator_c: 3.1.7 (/opt/ros/humble/share/rosidl_generator_c/cmake)
[0.258s] -- Found rosidl_adapter: 3.1.7 (/opt/ros/humble/share/rosidl_adapter/cmake)
[0.266s] -- Found rosidl_generator_cpp: 3.1.7 (/opt/ros/humble/share/rosidl_generator_cpp/cmake)
[0.277s] -- Using all available rosidl_typesupport_c: rosidl_typesupport_fastrtps_c;rosidl_typesupport_introspection_c
[0.293s] -- Using all available rosidl_typesupport_cpp: rosidl_typesupport_fastrtps_cpp;rosidl_typesupport_introspection_cpp
[0.514s] -- Found rmw_implementation_cmake: 6.1.2 (/opt/ros/humble/share/rmw_implementation_cmake/cmake)
[0.516s] -- Found rmw_fastrtps_cpp: 6.2.9 (/opt/ros/humble/share/rmw_fastrtps_cpp/cmake)
[0.540s] -- Found TinyXML2 via Config file: TinyXML2_DIR-NOTFOUND
[0.555s] -- Found TinyXML2 via Config file: TinyXML2_DIR-NOTFOUND
[0.582s] -- Found TinyXML2 via Config file: TinyXML2_DIR-NOTFOUND
[0.596s] -- Found TinyXML2 via Config file: TinyXML2_DIR-NOTFOUND
[0.615s] -- Using RMW implementation 'rmw_fastrtps_cpp' as default
[0.729s] [31mCMake Error at CMakeLists.txt:15 (find_package):
[0.729s]   By not providing "Findjoint_state_publisher.cmake" in CMAKE_MODULE_PATH
[0.729s]   this project has asked CMake to find a package configuration file provided
[0.730s]   by "joint_state_publisher", but CMake did not find one.
[0.730s] 
[0.730s]   Could not find a package configuration file provided by
[0.730s]   "joint_state_publisher" with any of the following names:
[0.730s] 
[0.730s]     joint_state_publisherConfig.cmake
[0.730s]     joint_state_publisher-config.cmake
[0.730s] 
[0.731s]   Add the installation prefix of "joint_state_publisher" to CMAKE_PREFIX_PATH
[0.731s]   or set "joint_state_publisher_DIR" to a directory containing one of the
[0.731s]   above files.  If "joint_state_publisher" provides a separate development
[0.731s]   package or SDK, be sure it has been installed.
[0.731s] 
[0.731s] [0m
[0.731s] -- Configuring incomplete, errors occurred!
[0.731s] See also "/home/cuk/fanuc_cuk_ws/build/fanuc_crx10ia_support/CMakeFiles/CMakeOutput.log".
[0.747s] Invoked command in '/home/cuk/fanuc_cuk_ws/build/fanuc_crx10ia_support' returned '1': CMAKE_PREFIX_PATH=${CMAKE_PREFIX_PATH}:/opt/ros/humble /usr/bin/cmake /home/cuk/fanuc_cuk_ws/fanuc_crx10ia_support -DCMAKE_INSTALL_PREFIX=/home/cuk/fanuc_cuk_ws/install/fanuc_crx10ia_support
