[0.016s] Invoking command in '/home/cuk/fanuc_cuk_ws/build/fanuc_crx10ia_support': AMENT_PREFIX_PATH=/home/cuk/fanuc_cuk_ws/install/fanuc_resources:${AMENT_PREFIX_PATH} CMAKE_PREFIX_PATH=/home/cuk/fanuc_cuk_ws/install/fanuc_resources:/opt/ros/humble /usr/bin/cmake /home/cuk/fanuc_cuk_ws/fanuc_crx10ia_support -DCMAKE_INSTALL_PREFIX=/home/cuk/fanuc_cuk_ws/install/fanuc_crx10ia_support
[0.113s] -- The C compiler identification is GNU 11.4.0
[0.202s] -- The CXX compiler identification is GNU 11.4.0
[0.215s] -- Detecting C compiler ABI info
[0.329s] -- Detecting C compiler ABI info - done
[0.338s] -- Check for working C compiler: /usr/bin/cc - skipped
[0.339s] -- Detecting C compile features
[0.339s] -- Detecting C compile features - done
[0.343s] -- Detecting CXX compiler ABI info
[0.477s] -- Detecting CXX compiler ABI info - done
[0.487s] -- Check for working CXX compiler: /usr/bin/c++ - skipped
[0.487s] -- Detecting CXX compile features
[0.488s] -- Detecting CXX compile features - done
[0.492s] -- Found ament_cmake: 1.3.12 (/opt/ros/humble/share/ament_cmake/cmake)
[0.704s] -- Found Python3: /usr/bin/python3 (found version "3.10.12") found components: Interpreter 
[0.836s] -- Found fanuc_resources: 0.0.0 (/home/cuk/fanuc_cuk_ws/install/fanuc_resources/share/fanuc_resources/cmake)
[0.840s] -- Found ros2_control: 2.52.0 (/opt/ros/humble/share/ros2_control/cmake)
[0.843s] -- Found ros2_controllers: 2.50.1 (/opt/ros/humble/share/ros2_controllers/cmake)
[0.846s] -- Found controller_manager: 2.52.0 (/opt/ros/humble/share/controller_manager/cmake)
[0.941s] -- Found rosidl_generator_c: 3.1.7 (/opt/ros/humble/share/rosidl_generator_c/cmake)
[0.952s] -- Found rosidl_adapter: 3.1.7 (/opt/ros/humble/share/rosidl_adapter/cmake)
[0.968s] -- Found rosidl_generator_cpp: 3.1.7 (/opt/ros/humble/share/rosidl_generator_cpp/cmake)
[0.991s] -- Using all available rosidl_typesupport_c: rosidl_typesupport_fastrtps_c;rosidl_typesupport_introspection_c
[1.019s] -- Using all available rosidl_typesupport_cpp: rosidl_typesupport_fastrtps_cpp;rosidl_typesupport_introspection_cpp
[1.369s] -- Found rmw_implementation_cmake: 6.1.2 (/opt/ros/humble/share/rmw_implementation_cmake/cmake)
[1.374s] -- Found rmw_fastrtps_cpp: 6.2.9 (/opt/ros/humble/share/rmw_fastrtps_cpp/cmake)
[1.419s] -- Found TinyXML2 via Config file: TinyXML2_DIR-NOTFOUND
[1.554s] -- Found OpenSSL: /usr/lib/x86_64-linux-gnu/libcrypto.so (found version "3.0.2")  
[1.558s] -- Found TinyXML2 via Config file: TinyXML2_DIR-NOTFOUND
[1.586s] -- Found FastRTPS: /opt/ros/humble/include  
[1.591s] -- Found TinyXML2 via Config file: TinyXML2_DIR-NOTFOUND
[1.605s] -- Found TinyXML2 via Config file: TinyXML2_DIR-NOTFOUND
[1.623s] -- Using RMW implementation 'rmw_fastrtps_cpp' as default
[1.640s] -- Looking for pthread.h
[1.763s] -- Looking for pthread.h - found
[1.763s] -- Performing Test CMAKE_HAVE_LIBC_PTHREAD
[1.880s] -- Performing Test CMAKE_HAVE_LIBC_PTHREAD - Success
[1.881s] -- Found Threads: TRUE  
[2.028s] [31mCMake Error at CMakeLists.txt:15 (find_package):
[2.028s]   By not providing "Findjoint_state_publisher.cmake" in CMAKE_MODULE_PATH
[2.028s]   this project has asked CMake to find a package configuration file provided
[2.028s]   by "joint_state_publisher", but CMake did not find one.
[2.028s] 
[2.029s]   Could not find a package configuration file provided by
[2.029s]   "joint_state_publisher" with any of the following names:
[2.029s] 
[2.029s]     joint_state_publisherConfig.cmake
[2.029s]     joint_state_publisher-config.cmake
[2.029s] 
[2.029s]   Add the installation prefix of "joint_state_publisher" to CMAKE_PREFIX_PATH
[2.029s]   or set "joint_state_publisher_DIR" to a directory containing one of the
[2.030s]   above files.  If "joint_state_publisher" provides a separate development
[2.030s]   package or SDK, be sure it has been installed.
[2.030s] 
[2.030s] [0m
[2.030s] -- Configuring incomplete, errors occurred!
[2.030s] See also "/home/cuk/fanuc_cuk_ws/build/fanuc_crx10ia_support/CMakeFiles/CMakeOutput.log".
[2.042s] Invoked command in '/home/cuk/fanuc_cuk_ws/build/fanuc_crx10ia_support' returned '1': AMENT_PREFIX_PATH=/home/cuk/fanuc_cuk_ws/install/fanuc_resources:${AMENT_PREFIX_PATH} CMAKE_PREFIX_PATH=/home/cuk/fanuc_cuk_ws/install/fanuc_resources:/opt/ros/humble /usr/bin/cmake /home/cuk/fanuc_cuk_ws/fanuc_crx10ia_support -DCMAKE_INSTALL_PREFIX=/home/cuk/fanuc_cuk_ws/install/fanuc_crx10ia_support
