[0.090s] DEBUG:colcon:Command line arguments: ['/usr/bin/colcon', 'build']
[0.090s] DEBUG:colcon:Parsed command line arguments: Namespace(log_base=None, log_level=None, verb_name='build', build_base='build', install_base='install', merge_install=False, symlink_install=False, test_result_base=None, continue_on_error=False, executor='parallel', parallel_workers=12, event_handlers=None, ignore_user_meta=False, metas=['./colcon.meta'], base_paths=['.'], packages_ignore=None, packages_ignore_regex=None, paths=None, packages_up_to=None, packages_up_to_regex=None, packages_above=None, packages_above_and_dependencies=None, packages_above_depth=None, packages_select_by_dep=None, packages_skip_by_dep=None, packages_skip_up_to=None, packages_select_build_failed=False, packages_skip_build_finished=False, packages_select_test_failures=False, packages_skip_test_passed=False, packages_select=None, packages_skip=None, packages_select_regex=None, packages_skip_regex=None, packages_start=None, packages_end=None, allow_overriding=[], cmake_args=None, cmake_target=None, cmake_target_skip_unavailable=False, cmake_clean_cache=False, cmake_clean_first=False, cmake_force_configure=False, ament_cmake_args=None, catkin_cmake_args=None, catkin_skip_building_tests=False, verb_parser=<colcon_defaults.argument_parser.defaults.DefaultArgumentsDecorator object at 0x70f492961030>, verb_extension=<colcon_core.verb.build.BuildVerb object at 0x70f492960490>, main=<bound method BuildVerb.main of <colcon_core.verb.build.BuildVerb object at 0x70f492960490>>)
[0.256s] Level 1:colcon.colcon_core.package_discovery:discover_packages(colcon_meta) check parameters
[0.256s] Level 1:colcon.colcon_core.package_discovery:discover_packages(recursive) check parameters
[0.256s] Level 1:colcon.colcon_core.package_discovery:discover_packages(ignore) check parameters
[0.256s] Level 1:colcon.colcon_core.package_discovery:discover_packages(path) check parameters
[0.256s] Level 1:colcon.colcon_core.package_discovery:discover_packages(colcon_meta) discover
[0.256s] Level 1:colcon.colcon_core.package_discovery:discover_packages(recursive) discover
[0.256s] INFO:colcon.colcon_core.package_discovery:Crawling recursively for packages in '/home/cuk/fanuc_cuk_ws'
[0.256s] Level 1:colcon.colcon_core.package_identification:_identify(.) by extensions ['ignore', 'ignore_ament_install']
[0.256s] Level 1:colcon.colcon_core.package_identification:_identify(.) by extension 'ignore'
[0.256s] Level 1:colcon.colcon_core.package_identification:_identify(.) by extension 'ignore_ament_install'
[0.256s] Level 1:colcon.colcon_core.package_identification:_identify(.) by extensions ['colcon_pkg']
[0.256s] Level 1:colcon.colcon_core.package_identification:_identify(.) by extension 'colcon_pkg'
[0.256s] Level 1:colcon.colcon_core.package_identification:_identify(.) by extensions ['colcon_meta']
[0.256s] Level 1:colcon.colcon_core.package_identification:_identify(.) by extension 'colcon_meta'
[0.256s] Level 1:colcon.colcon_core.package_identification:_identify(.) by extensions ['ros']
[0.256s] Level 1:colcon.colcon_core.package_identification:_identify(.) by extension 'ros'
[0.290s] Level 1:colcon.colcon_core.package_identification:_identify(.) by extensions ['cmake', 'python']
[0.290s] Level 1:colcon.colcon_core.package_identification:_identify(.) by extension 'cmake'
[0.290s] Level 1:colcon.colcon_core.package_identification:_identify(.) by extension 'python'
[0.290s] Level 1:colcon.colcon_core.package_identification:_identify(.) by extensions ['python_setup_py']
[0.290s] Level 1:colcon.colcon_core.package_identification:_identify(.) by extension 'python_setup_py'
[0.290s] Level 1:colcon.colcon_core.package_identification:_identify(build) by extensions ['ignore', 'ignore_ament_install']
[0.290s] Level 1:colcon.colcon_core.package_identification:_identify(build) by extension 'ignore'
[0.290s] Level 1:colcon.colcon_core.package_identification:_identify(build) ignored
[0.291s] Level 1:colcon.colcon_core.package_identification:_identify(fanuc_crx10ia_support) by extensions ['ignore', 'ignore_ament_install']
[0.291s] Level 1:colcon.colcon_core.package_identification:_identify(fanuc_crx10ia_support) by extension 'ignore'
[0.291s] Level 1:colcon.colcon_core.package_identification:_identify(fanuc_crx10ia_support) by extension 'ignore_ament_install'
[0.291s] Level 1:colcon.colcon_core.package_identification:_identify(fanuc_crx10ia_support) by extensions ['colcon_pkg']
[0.291s] Level 1:colcon.colcon_core.package_identification:_identify(fanuc_crx10ia_support) by extension 'colcon_pkg'
[0.291s] Level 1:colcon.colcon_core.package_identification:_identify(fanuc_crx10ia_support) by extensions ['colcon_meta']
[0.291s] Level 1:colcon.colcon_core.package_identification:_identify(fanuc_crx10ia_support) by extension 'colcon_meta'
[0.291s] Level 1:colcon.colcon_core.package_identification:_identify(fanuc_crx10ia_support) by extensions ['ros']
[0.291s] Level 1:colcon.colcon_core.package_identification:_identify(fanuc_crx10ia_support) by extension 'ros'
[0.294s] DEBUG:colcon.colcon_core.package_identification:Package 'fanuc_crx10ia_support' with type 'ros.ament_cmake' and name 'fanuc_crx10ia_support'
[0.294s] Level 1:colcon.colcon_core.package_identification:_identify(fanuc_resources) by extensions ['ignore', 'ignore_ament_install']
[0.294s] Level 1:colcon.colcon_core.package_identification:_identify(fanuc_resources) by extension 'ignore'
[0.294s] Level 1:colcon.colcon_core.package_identification:_identify(fanuc_resources) by extension 'ignore_ament_install'
[0.294s] Level 1:colcon.colcon_core.package_identification:_identify(fanuc_resources) by extensions ['colcon_pkg']
[0.294s] Level 1:colcon.colcon_core.package_identification:_identify(fanuc_resources) by extension 'colcon_pkg'
[0.295s] Level 1:colcon.colcon_core.package_identification:_identify(fanuc_resources) by extensions ['colcon_meta']
[0.295s] Level 1:colcon.colcon_core.package_identification:_identify(fanuc_resources) by extension 'colcon_meta'
[0.295s] Level 1:colcon.colcon_core.package_identification:_identify(fanuc_resources) by extensions ['ros']
[0.295s] Level 1:colcon.colcon_core.package_identification:_identify(fanuc_resources) by extension 'ros'
[0.295s] DEBUG:colcon.colcon_core.package_identification:Package 'fanuc_resources' with type 'ros.ament_cmake' and name 'fanuc_resources'
[0.295s] Level 1:colcon.colcon_core.package_identification:_identify(install) by extensions ['ignore', 'ignore_ament_install']
[0.295s] Level 1:colcon.colcon_core.package_identification:_identify(install) by extension 'ignore'
[0.295s] Level 1:colcon.colcon_core.package_identification:_identify(install) ignored
[0.295s] Level 1:colcon.colcon_core.package_identification:_identify(log) by extensions ['ignore', 'ignore_ament_install']
[0.295s] Level 1:colcon.colcon_core.package_identification:_identify(log) by extension 'ignore'
[0.295s] Level 1:colcon.colcon_core.package_identification:_identify(log) ignored
[0.295s] Level 1:colcon.colcon_core.package_discovery:discover_packages(recursive) using defaults
[0.295s] Level 1:colcon.colcon_core.package_discovery:discover_packages(ignore) discover
[0.296s] Level 1:colcon.colcon_core.package_discovery:discover_packages(ignore) using defaults
[0.296s] Level 1:colcon.colcon_core.package_discovery:discover_packages(path) discover
[0.296s] Level 1:colcon.colcon_core.package_discovery:discover_packages(path) using defaults
[0.311s] Level 1:colcon.colcon_core.package_discovery:discover_packages(prefix_path) check parameters
[0.312s] Level 1:colcon.colcon_core.package_discovery:discover_packages(prefix_path) discover
[0.313s] DEBUG:colcon.colcon_installed_package_information.package_discovery:Found 2 installed packages in /home/cuk/fanuc_cuk_ws/install
[0.315s] DEBUG:colcon.colcon_installed_package_information.package_discovery:Found 405 installed packages in /opt/ros/humble
[0.316s] Level 1:colcon.colcon_core.package_discovery:discover_packages(prefix_path) using defaults
[0.359s] Level 5:colcon.colcon_core.verb:set package 'fanuc_resources' build argument 'cmake_args' from command line to 'None'
[0.359s] Level 5:colcon.colcon_core.verb:set package 'fanuc_resources' build argument 'cmake_target' from command line to 'None'
[0.359s] Level 5:colcon.colcon_core.verb:set package 'fanuc_resources' build argument 'cmake_target_skip_unavailable' from command line to 'False'
[0.359s] Level 5:colcon.colcon_core.verb:set package 'fanuc_resources' build argument 'cmake_clean_cache' from command line to 'False'
[0.359s] Level 5:colcon.colcon_core.verb:set package 'fanuc_resources' build argument 'cmake_clean_first' from command line to 'False'
[0.359s] Level 5:colcon.colcon_core.verb:set package 'fanuc_resources' build argument 'cmake_force_configure' from command line to 'False'
[0.359s] Level 5:colcon.colcon_core.verb:set package 'fanuc_resources' build argument 'ament_cmake_args' from command line to 'None'
[0.359s] Level 5:colcon.colcon_core.verb:set package 'fanuc_resources' build argument 'catkin_cmake_args' from command line to 'None'
[0.359s] Level 5:colcon.colcon_core.verb:set package 'fanuc_resources' build argument 'catkin_skip_building_tests' from command line to 'False'
[0.359s] DEBUG:colcon.colcon_core.verb:Building package 'fanuc_resources' with the following arguments: {'ament_cmake_args': None, 'build_base': '/home/cuk/fanuc_cuk_ws/build/fanuc_resources', 'catkin_cmake_args': None, 'catkin_skip_building_tests': False, 'cmake_args': None, 'cmake_clean_cache': False, 'cmake_clean_first': False, 'cmake_force_configure': False, 'cmake_target': None, 'cmake_target_skip_unavailable': False, 'install_base': '/home/cuk/fanuc_cuk_ws/install/fanuc_resources', 'merge_install': False, 'path': '/home/cuk/fanuc_cuk_ws/fanuc_resources', 'symlink_install': False, 'test_result_base': None}
[0.360s] Level 5:colcon.colcon_core.verb:set package 'fanuc_crx10ia_support' build argument 'cmake_args' from command line to 'None'
[0.360s] Level 5:colcon.colcon_core.verb:set package 'fanuc_crx10ia_support' build argument 'cmake_target' from command line to 'None'
[0.360s] Level 5:colcon.colcon_core.verb:set package 'fanuc_crx10ia_support' build argument 'cmake_target_skip_unavailable' from command line to 'False'
[0.360s] Level 5:colcon.colcon_core.verb:set package 'fanuc_crx10ia_support' build argument 'cmake_clean_cache' from command line to 'False'
[0.360s] Level 5:colcon.colcon_core.verb:set package 'fanuc_crx10ia_support' build argument 'cmake_clean_first' from command line to 'False'
[0.360s] Level 5:colcon.colcon_core.verb:set package 'fanuc_crx10ia_support' build argument 'cmake_force_configure' from command line to 'False'
[0.360s] Level 5:colcon.colcon_core.verb:set package 'fanuc_crx10ia_support' build argument 'ament_cmake_args' from command line to 'None'
[0.360s] Level 5:colcon.colcon_core.verb:set package 'fanuc_crx10ia_support' build argument 'catkin_cmake_args' from command line to 'None'
[0.360s] Level 5:colcon.colcon_core.verb:set package 'fanuc_crx10ia_support' build argument 'catkin_skip_building_tests' from command line to 'False'
[0.360s] DEBUG:colcon.colcon_core.verb:Building package 'fanuc_crx10ia_support' with the following arguments: {'ament_cmake_args': None, 'build_base': '/home/cuk/fanuc_cuk_ws/build/fanuc_crx10ia_support', 'catkin_cmake_args': None, 'catkin_skip_building_tests': False, 'cmake_args': None, 'cmake_clean_cache': False, 'cmake_clean_first': False, 'cmake_force_configure': False, 'cmake_target': None, 'cmake_target_skip_unavailable': False, 'install_base': '/home/cuk/fanuc_cuk_ws/install/fanuc_crx10ia_support', 'merge_install': False, 'path': '/home/cuk/fanuc_cuk_ws/fanuc_crx10ia_support', 'symlink_install': False, 'test_result_base': None}
[0.360s] INFO:colcon.colcon_core.executor:Executing jobs using 'parallel' executor
[0.361s] DEBUG:colcon.colcon_parallel_executor.executor.parallel:run_until_complete
[0.362s] INFO:colcon.colcon_ros.task.ament_cmake.build:Building ROS package in '/home/cuk/fanuc_cuk_ws/fanuc_resources' with build type 'ament_cmake'
[0.362s] INFO:colcon.colcon_cmake.task.cmake.build:Building CMake package in '/home/cuk/fanuc_cuk_ws/fanuc_resources'
[0.363s] INFO:colcon.colcon_core.plugin_system:Skipping extension 'colcon_core.shell.bat': Not used on non-Windows systems
[0.364s] INFO:colcon.colcon_core.shell:Skip shell extension 'powershell' for command environment: Not usable outside of PowerShell
[0.364s] DEBUG:colcon.colcon_core.shell:Skip shell extension 'dsv' for command environment
[0.375s] DEBUG:colcon.colcon_core.event_handler.log_command:Invoking command in '/home/cuk/fanuc_cuk_ws/build/fanuc_resources': CMAKE_PREFIX_PATH=${CMAKE_PREFIX_PATH}:/opt/ros/humble /usr/bin/cmake --build /home/cuk/fanuc_cuk_ws/build/fanuc_resources -- -j12 -l12
[0.420s] DEBUG:colcon.colcon_core.event_handler.log_command:Invoked command in '/home/cuk/fanuc_cuk_ws/build/fanuc_resources' returned '0': CMAKE_PREFIX_PATH=${CMAKE_PREFIX_PATH}:/opt/ros/humble /usr/bin/cmake --build /home/cuk/fanuc_cuk_ws/build/fanuc_resources -- -j12 -l12
[0.432s] DEBUG:colcon.colcon_core.event_handler.log_command:Invoking command in '/home/cuk/fanuc_cuk_ws/build/fanuc_resources': CMAKE_PREFIX_PATH=${CMAKE_PREFIX_PATH}:/opt/ros/humble /usr/bin/cmake --install /home/cuk/fanuc_cuk_ws/build/fanuc_resources
[0.442s] Level 1:colcon.colcon_core.environment:create_environment_scripts_only(fanuc_resources)
[0.442s] DEBUG:colcon.colcon_core.event_handler.log_command:Invoked command in '/home/cuk/fanuc_cuk_ws/build/fanuc_resources' returned '0': CMAKE_PREFIX_PATH=${CMAKE_PREFIX_PATH}:/opt/ros/humble /usr/bin/cmake --install /home/cuk/fanuc_cuk_ws/build/fanuc_resources
[0.444s] Level 1:colcon.colcon_core.environment:checking '/home/cuk/fanuc_cuk_ws/install/fanuc_resources' for CMake module files
[0.445s] Level 1:colcon.colcon_core.environment:checking '/home/cuk/fanuc_cuk_ws/install/fanuc_resources' for CMake config files
[0.445s] Level 1:colcon.colcon_core.shell:create_environment_hook('fanuc_resources', 'cmake_prefix_path')
[0.445s] INFO:colcon.colcon_core.shell:Creating environment hook '/home/cuk/fanuc_cuk_ws/install/fanuc_resources/share/fanuc_resources/hook/cmake_prefix_path.ps1'
[0.446s] INFO:colcon.colcon_core.shell:Creating environment descriptor '/home/cuk/fanuc_cuk_ws/install/fanuc_resources/share/fanuc_resources/hook/cmake_prefix_path.dsv'
[0.446s] INFO:colcon.colcon_core.shell:Creating environment hook '/home/cuk/fanuc_cuk_ws/install/fanuc_resources/share/fanuc_resources/hook/cmake_prefix_path.sh'
[0.447s] Level 1:colcon.colcon_core.environment:checking '/home/cuk/fanuc_cuk_ws/install/fanuc_resources/bin'
[0.447s] Level 1:colcon.colcon_core.environment:checking '/home/cuk/fanuc_cuk_ws/install/fanuc_resources/lib/pkgconfig/fanuc_resources.pc'
[0.447s] Level 1:colcon.colcon_core.environment:checking '/home/cuk/fanuc_cuk_ws/install/fanuc_resources/lib/python3.10/site-packages'
[0.447s] Level 1:colcon.colcon_core.environment:checking '/home/cuk/fanuc_cuk_ws/install/fanuc_resources/bin'
[0.448s] INFO:colcon.colcon_core.shell:Creating package script '/home/cuk/fanuc_cuk_ws/install/fanuc_resources/share/fanuc_resources/package.ps1'
[0.448s] INFO:colcon.colcon_core.shell:Creating package descriptor '/home/cuk/fanuc_cuk_ws/install/fanuc_resources/share/fanuc_resources/package.dsv'
[0.449s] INFO:colcon.colcon_core.shell:Creating package script '/home/cuk/fanuc_cuk_ws/install/fanuc_resources/share/fanuc_resources/package.sh'
[0.449s] INFO:colcon.colcon_core.shell:Creating package script '/home/cuk/fanuc_cuk_ws/install/fanuc_resources/share/fanuc_resources/package.bash'
[0.450s] INFO:colcon.colcon_core.shell:Creating package script '/home/cuk/fanuc_cuk_ws/install/fanuc_resources/share/fanuc_resources/package.zsh'
[0.450s] Level 1:colcon.colcon_core.environment:create_file_with_runtime_dependencies(/home/cuk/fanuc_cuk_ws/install/fanuc_resources/share/colcon-core/packages/fanuc_resources)
[0.451s] Level 1:colcon.colcon_core.environment:create_environment_scripts_only(fanuc_resources)
[0.451s] Level 1:colcon.colcon_core.environment:checking '/home/cuk/fanuc_cuk_ws/install/fanuc_resources' for CMake module files
[0.451s] Level 1:colcon.colcon_core.environment:checking '/home/cuk/fanuc_cuk_ws/install/fanuc_resources' for CMake config files
[0.451s] Level 1:colcon.colcon_core.shell:create_environment_hook('fanuc_resources', 'cmake_prefix_path')
[0.451s] INFO:colcon.colcon_core.shell:Creating environment hook '/home/cuk/fanuc_cuk_ws/install/fanuc_resources/share/fanuc_resources/hook/cmake_prefix_path.ps1'
[0.452s] INFO:colcon.colcon_core.shell:Creating environment descriptor '/home/cuk/fanuc_cuk_ws/install/fanuc_resources/share/fanuc_resources/hook/cmake_prefix_path.dsv'
[0.452s] INFO:colcon.colcon_core.shell:Creating environment hook '/home/cuk/fanuc_cuk_ws/install/fanuc_resources/share/fanuc_resources/hook/cmake_prefix_path.sh'
[0.453s] Level 1:colcon.colcon_core.environment:checking '/home/cuk/fanuc_cuk_ws/install/fanuc_resources/bin'
[0.453s] Level 1:colcon.colcon_core.environment:checking '/home/cuk/fanuc_cuk_ws/install/fanuc_resources/lib/pkgconfig/fanuc_resources.pc'
[0.453s] Level 1:colcon.colcon_core.environment:checking '/home/cuk/fanuc_cuk_ws/install/fanuc_resources/lib/python3.10/site-packages'
[0.453s] Level 1:colcon.colcon_core.environment:checking '/home/cuk/fanuc_cuk_ws/install/fanuc_resources/bin'
[0.454s] INFO:colcon.colcon_core.shell:Creating package script '/home/cuk/fanuc_cuk_ws/install/fanuc_resources/share/fanuc_resources/package.ps1'
[0.454s] INFO:colcon.colcon_core.shell:Creating package descriptor '/home/cuk/fanuc_cuk_ws/install/fanuc_resources/share/fanuc_resources/package.dsv'
[0.455s] INFO:colcon.colcon_core.shell:Creating package script '/home/cuk/fanuc_cuk_ws/install/fanuc_resources/share/fanuc_resources/package.sh'
[0.455s] INFO:colcon.colcon_core.shell:Creating package script '/home/cuk/fanuc_cuk_ws/install/fanuc_resources/share/fanuc_resources/package.bash'
[0.455s] INFO:colcon.colcon_core.shell:Creating package script '/home/cuk/fanuc_cuk_ws/install/fanuc_resources/share/fanuc_resources/package.zsh'
[0.456s] Level 1:colcon.colcon_core.environment:create_file_with_runtime_dependencies(/home/cuk/fanuc_cuk_ws/install/fanuc_resources/share/colcon-core/packages/fanuc_resources)
[0.456s] INFO:colcon.colcon_ros.task.ament_cmake.build:Building ROS package in '/home/cuk/fanuc_cuk_ws/fanuc_crx10ia_support' with build type 'ament_cmake'
[0.456s] INFO:colcon.colcon_cmake.task.cmake.build:Building CMake package in '/home/cuk/fanuc_cuk_ws/fanuc_crx10ia_support'
[0.456s] INFO:colcon.colcon_core.shell:Skip shell extension 'powershell' for command environment: Not usable outside of PowerShell
[0.456s] DEBUG:colcon.colcon_core.shell:Skip shell extension 'dsv' for command environment
[0.467s] DEBUG:colcon.colcon_core.event_handler.log_command:Invoking command in '/home/cuk/fanuc_cuk_ws/build/fanuc_crx10ia_support': CMAKE_PREFIX_PATH=/home/cuk/fanuc_cuk_ws/install/fanuc_resources:/home/cuk/fanuc_cuk_ws/install/fanuc_crx10ia_support:/opt/ros/humble /usr/bin/cmake --build /home/cuk/fanuc_cuk_ws/build/fanuc_crx10ia_support -- -j12 -l12
[0.515s] DEBUG:colcon.colcon_core.event_handler.log_command:Invoked command in '/home/cuk/fanuc_cuk_ws/build/fanuc_crx10ia_support' returned '0': CMAKE_PREFIX_PATH=/home/cuk/fanuc_cuk_ws/install/fanuc_resources:/home/cuk/fanuc_cuk_ws/install/fanuc_crx10ia_support:/opt/ros/humble /usr/bin/cmake --build /home/cuk/fanuc_cuk_ws/build/fanuc_crx10ia_support -- -j12 -l12
[0.517s] DEBUG:colcon.colcon_core.event_handler.log_command:Invoking command in '/home/cuk/fanuc_cuk_ws/build/fanuc_crx10ia_support': CMAKE_PREFIX_PATH=/home/cuk/fanuc_cuk_ws/install/fanuc_resources:/home/cuk/fanuc_cuk_ws/install/fanuc_crx10ia_support:/opt/ros/humble /usr/bin/cmake --install /home/cuk/fanuc_cuk_ws/build/fanuc_crx10ia_support
[0.528s] Level 1:colcon.colcon_core.environment:create_environment_scripts_only(fanuc_crx10ia_support)
[0.528s] Level 1:colcon.colcon_core.environment:checking '/home/cuk/fanuc_cuk_ws/install/fanuc_crx10ia_support' for CMake module files
[0.529s] DEBUG:colcon.colcon_core.event_handler.log_command:Invoked command in '/home/cuk/fanuc_cuk_ws/build/fanuc_crx10ia_support' returned '0': CMAKE_PREFIX_PATH=/home/cuk/fanuc_cuk_ws/install/fanuc_resources:/home/cuk/fanuc_cuk_ws/install/fanuc_crx10ia_support:/opt/ros/humble /usr/bin/cmake --install /home/cuk/fanuc_cuk_ws/build/fanuc_crx10ia_support
[0.529s] Level 1:colcon.colcon_core.environment:checking '/home/cuk/fanuc_cuk_ws/install/fanuc_crx10ia_support' for CMake config files
[0.530s] Level 1:colcon.colcon_core.shell:create_environment_hook('fanuc_crx10ia_support', 'cmake_prefix_path')
[0.530s] INFO:colcon.colcon_core.shell:Creating environment hook '/home/cuk/fanuc_cuk_ws/install/fanuc_crx10ia_support/share/fanuc_crx10ia_support/hook/cmake_prefix_path.ps1'
[0.530s] INFO:colcon.colcon_core.shell:Creating environment descriptor '/home/cuk/fanuc_cuk_ws/install/fanuc_crx10ia_support/share/fanuc_crx10ia_support/hook/cmake_prefix_path.dsv'
[0.531s] INFO:colcon.colcon_core.shell:Creating environment hook '/home/cuk/fanuc_cuk_ws/install/fanuc_crx10ia_support/share/fanuc_crx10ia_support/hook/cmake_prefix_path.sh'
[0.531s] Level 1:colcon.colcon_core.environment:checking '/home/cuk/fanuc_cuk_ws/install/fanuc_crx10ia_support/lib'
[0.531s] Level 1:colcon.colcon_core.environment:checking '/home/cuk/fanuc_cuk_ws/install/fanuc_crx10ia_support/bin'
[0.531s] Level 1:colcon.colcon_core.environment:checking '/home/cuk/fanuc_cuk_ws/install/fanuc_crx10ia_support/lib/pkgconfig/fanuc_crx10ia_support.pc'
[0.531s] Level 1:colcon.colcon_core.environment:checking '/home/cuk/fanuc_cuk_ws/install/fanuc_crx10ia_support/lib/python3.10/site-packages'
[0.532s] Level 1:colcon.colcon_core.environment:checking '/home/cuk/fanuc_cuk_ws/install/fanuc_crx10ia_support/bin'
[0.532s] INFO:colcon.colcon_core.shell:Creating package script '/home/cuk/fanuc_cuk_ws/install/fanuc_crx10ia_support/share/fanuc_crx10ia_support/package.ps1'
[0.532s] INFO:colcon.colcon_core.shell:Creating package descriptor '/home/cuk/fanuc_cuk_ws/install/fanuc_crx10ia_support/share/fanuc_crx10ia_support/package.dsv'
[0.533s] INFO:colcon.colcon_core.shell:Creating package script '/home/cuk/fanuc_cuk_ws/install/fanuc_crx10ia_support/share/fanuc_crx10ia_support/package.sh'
[0.533s] INFO:colcon.colcon_core.shell:Creating package script '/home/cuk/fanuc_cuk_ws/install/fanuc_crx10ia_support/share/fanuc_crx10ia_support/package.bash'
[0.533s] INFO:colcon.colcon_core.shell:Creating package script '/home/cuk/fanuc_cuk_ws/install/fanuc_crx10ia_support/share/fanuc_crx10ia_support/package.zsh'
[0.533s] Level 1:colcon.colcon_core.environment:create_file_with_runtime_dependencies(/home/cuk/fanuc_cuk_ws/install/fanuc_crx10ia_support/share/colcon-core/packages/fanuc_crx10ia_support)
[0.534s] Level 1:colcon.colcon_core.environment:create_environment_scripts_only(fanuc_crx10ia_support)
[0.534s] Level 1:colcon.colcon_core.environment:checking '/home/cuk/fanuc_cuk_ws/install/fanuc_crx10ia_support' for CMake module files
[0.534s] Level 1:colcon.colcon_core.environment:checking '/home/cuk/fanuc_cuk_ws/install/fanuc_crx10ia_support' for CMake config files
[0.535s] Level 1:colcon.colcon_core.shell:create_environment_hook('fanuc_crx10ia_support', 'cmake_prefix_path')
[0.535s] INFO:colcon.colcon_core.shell:Creating environment hook '/home/cuk/fanuc_cuk_ws/install/fanuc_crx10ia_support/share/fanuc_crx10ia_support/hook/cmake_prefix_path.ps1'
[0.535s] INFO:colcon.colcon_core.shell:Creating environment descriptor '/home/cuk/fanuc_cuk_ws/install/fanuc_crx10ia_support/share/fanuc_crx10ia_support/hook/cmake_prefix_path.dsv'
[0.536s] INFO:colcon.colcon_core.shell:Creating environment hook '/home/cuk/fanuc_cuk_ws/install/fanuc_crx10ia_support/share/fanuc_crx10ia_support/hook/cmake_prefix_path.sh'
[0.536s] Level 1:colcon.colcon_core.environment:checking '/home/cuk/fanuc_cuk_ws/install/fanuc_crx10ia_support/lib'
[0.536s] Level 1:colcon.colcon_core.environment:checking '/home/cuk/fanuc_cuk_ws/install/fanuc_crx10ia_support/bin'
[0.536s] Level 1:colcon.colcon_core.environment:checking '/home/cuk/fanuc_cuk_ws/install/fanuc_crx10ia_support/lib/pkgconfig/fanuc_crx10ia_support.pc'
[0.536s] Level 1:colcon.colcon_core.environment:checking '/home/cuk/fanuc_cuk_ws/install/fanuc_crx10ia_support/lib/python3.10/site-packages'
[0.536s] Level 1:colcon.colcon_core.environment:checking '/home/cuk/fanuc_cuk_ws/install/fanuc_crx10ia_support/bin'
[0.537s] INFO:colcon.colcon_core.shell:Creating package script '/home/cuk/fanuc_cuk_ws/install/fanuc_crx10ia_support/share/fanuc_crx10ia_support/package.ps1'
[0.537s] INFO:colcon.colcon_core.shell:Creating package descriptor '/home/cuk/fanuc_cuk_ws/install/fanuc_crx10ia_support/share/fanuc_crx10ia_support/package.dsv'
[0.537s] INFO:colcon.colcon_core.shell:Creating package script '/home/cuk/fanuc_cuk_ws/install/fanuc_crx10ia_support/share/fanuc_crx10ia_support/package.sh'
[0.538s] INFO:colcon.colcon_core.shell:Creating package script '/home/cuk/fanuc_cuk_ws/install/fanuc_crx10ia_support/share/fanuc_crx10ia_support/package.bash'
[0.538s] INFO:colcon.colcon_core.shell:Creating package script '/home/cuk/fanuc_cuk_ws/install/fanuc_crx10ia_support/share/fanuc_crx10ia_support/package.zsh'
[0.538s] Level 1:colcon.colcon_core.environment:create_file_with_runtime_dependencies(/home/cuk/fanuc_cuk_ws/install/fanuc_crx10ia_support/share/colcon-core/packages/fanuc_crx10ia_support)
[0.539s] DEBUG:colcon.colcon_parallel_executor.executor.parallel:closing loop
[0.539s] DEBUG:colcon.colcon_parallel_executor.executor.parallel:loop closed
[0.539s] DEBUG:colcon.colcon_parallel_executor.executor.parallel:run_until_complete finished with '0'
[0.539s] DEBUG:colcon.colcon_core.event_reactor:joining thread
[0.544s] INFO:colcon.colcon_core.plugin_system:Skipping extension 'colcon_notification.desktop_notification.terminal_notifier': Not used on non-Darwin systems
[0.544s] INFO:colcon.colcon_core.plugin_system:Skipping extension 'colcon_notification.desktop_notification.win32': Not used on non-Windows systems
[0.544s] INFO:colcon.colcon_notification.desktop_notification:Sending desktop notification using 'notify2'
[0.557s] DEBUG:colcon.colcon_core.event_reactor:joined thread
[0.557s] INFO:colcon.colcon_core.shell:Creating prefix script '/home/cuk/fanuc_cuk_ws/install/local_setup.ps1'
[0.558s] INFO:colcon.colcon_core.shell:Creating prefix util module '/home/cuk/fanuc_cuk_ws/install/_local_setup_util_ps1.py'
[0.559s] INFO:colcon.colcon_core.shell:Creating prefix chain script '/home/cuk/fanuc_cuk_ws/install/setup.ps1'
[0.560s] INFO:colcon.colcon_core.shell:Creating prefix script '/home/cuk/fanuc_cuk_ws/install/local_setup.sh'
[0.561s] INFO:colcon.colcon_core.shell:Creating prefix util module '/home/cuk/fanuc_cuk_ws/install/_local_setup_util_sh.py'
[0.561s] INFO:colcon.colcon_core.shell:Creating prefix chain script '/home/cuk/fanuc_cuk_ws/install/setup.sh'
[0.562s] INFO:colcon.colcon_core.shell:Creating prefix script '/home/cuk/fanuc_cuk_ws/install/local_setup.bash'
[0.562s] INFO:colcon.colcon_core.shell:Creating prefix chain script '/home/cuk/fanuc_cuk_ws/install/setup.bash'
[0.563s] INFO:colcon.colcon_core.shell:Creating prefix script '/home/cuk/fanuc_cuk_ws/install/local_setup.zsh'
[0.564s] INFO:colcon.colcon_core.shell:Creating prefix chain script '/home/cuk/fanuc_cuk_ws/install/setup.zsh'
