[0.019s] Invoking command in '/home/cuk/fanuc_cuk_ws/build/fanuc_crx10ia_support': CMAKE_PREFIX_PATH=${CMAKE_PREFIX_PATH}:/opt/ros/humble /usr/bin/cmake /home/cuk/fanuc_cuk_ws/fanuc_crx10ia_support -DCMAKE_INSTALL_PREFIX=/home/cuk/fanuc_cuk_ws/install/fanuc_crx10ia_support
[0.036s] -- Found ament_cmake: 1.3.12 (/opt/ros/humble/share/ament_cmake/cmake)
[0.210s] -- Found fanuc_resources: 0.0.0 (/home/cuk/fanuc_cuk_ws/install/fanuc_resources/share/fanuc_resources/cmake)
[0.210s] -- Found ros2_control: 2.52.0 (/opt/ros/humble/share/ros2_control/cmake)
[0.211s] -- Found ros2_controllers: 2.50.1 (/opt/ros/humble/share/ros2_controllers/cmake)
[0.211s] -- Found controller_manager: 2.52.0 (/opt/ros/humble/share/controller_manager/cmake)
[0.251s] -- Found rosidl_generator_c: 3.1.7 (/opt/ros/humble/share/rosidl_generator_c/cmake)
[0.255s] -- Found rosidl_adapter: 3.1.7 (/opt/ros/humble/share/rosidl_adapter/cmake)
[0.263s] -- Found rosidl_generator_cpp: 3.1.7 (/opt/ros/humble/share/rosidl_generator_cpp/cmake)
[0.275s] -- Using all available rosidl_typesupport_c: rosidl_typesupport_fastrtps_c;rosidl_typesupport_introspection_c
[0.291s] -- Using all available rosidl_typesupport_cpp: rosidl_typesupport_fastrtps_cpp;rosidl_typesupport_introspection_cpp
[0.510s] -- Found rmw_implementation_cmake: 6.1.2 (/opt/ros/humble/share/rmw_implementation_cmake/cmake)
[0.512s] -- Found rmw_fastrtps_cpp: 6.2.9 (/opt/ros/humble/share/rmw_fastrtps_cpp/cmake)
[0.536s] -- Found TinyXML2 via Config file: TinyXML2_DIR-NOTFOUND
[0.550s] -- Found TinyXML2 via Config file: TinyXML2_DIR-NOTFOUND
[0.576s] -- Found TinyXML2 via Config file: TinyXML2_DIR-NOTFOUND
[0.590s] -- Found TinyXML2 via Config file: TinyXML2_DIR-NOTFOUND
[0.606s] -- Using RMW implementation 'rmw_fastrtps_cpp' as default
[0.719s] [31mCMake Error at CMakeLists.txt:15 (find_package):
[0.720s]   By not providing "Findjoint_state_publisher.cmake" in CMAKE_MODULE_PATH
[0.720s]   this project has asked CMake to find a package configuration file provided
[0.720s]   by "joint_state_publisher", but CMake did not find one.
[0.720s] 
[0.720s]   Could not find a package configuration file provided by
[0.720s]   "joint_state_publisher" with any of the following names:
[0.720s] 
[0.720s]     joint_state_publisherConfig.cmake
[0.720s]     joint_state_publisher-config.cmake
[0.720s] 
[0.720s]   Add the installation prefix of "joint_state_publisher" to CMAKE_PREFIX_PATH
[0.720s]   or set "joint_state_publisher_DIR" to a directory containing one of the
[0.720s]   above files.  If "joint_state_publisher" provides a separate development
[0.721s]   package or SDK, be sure it has been installed.
[0.721s] 
[0.721s] [0m
[0.721s] -- Configuring incomplete, errors occurred!
[0.721s] See also "/home/cuk/fanuc_cuk_ws/build/fanuc_crx10ia_support/CMakeFiles/CMakeOutput.log".
[0.732s] Invoked command in '/home/cuk/fanuc_cuk_ws/build/fanuc_crx10ia_support' returned '1': CMAKE_PREFIX_PATH=${CMAKE_PREFIX_PATH}:/opt/ros/humble /usr/bin/cmake /home/cuk/fanuc_cuk_ws/fanuc_crx10ia_support -DCMAKE_INSTALL_PREFIX=/home/cuk/fanuc_cuk_ws/install/fanuc_crx10ia_support
