[0.098s] DEBUG:colcon:Command line arguments: ['/usr/bin/colcon', 'build']
[0.098s] DEBUG:colcon:Parsed command line arguments: Namespace(log_base=None, log_level=None, verb_name='build', build_base='build', install_base='install', merge_install=False, symlink_install=False, test_result_base=None, continue_on_error=False, executor='parallel', parallel_workers=12, event_handlers=None, ignore_user_meta=False, metas=['./colcon.meta'], base_paths=['.'], packages_ignore=None, packages_ignore_regex=None, paths=None, packages_up_to=None, packages_up_to_regex=None, packages_above=None, packages_above_and_dependencies=None, packages_above_depth=None, packages_select_by_dep=None, packages_skip_by_dep=None, packages_skip_up_to=None, packages_select_build_failed=False, packages_skip_build_finished=False, packages_select_test_failures=False, packages_skip_test_passed=False, packages_select=None, packages_skip=None, packages_select_regex=None, packages_skip_regex=None, packages_start=None, packages_end=None, allow_overriding=[], cmake_args=None, cmake_target=None, cmake_target_skip_unavailable=False, cmake_clean_cache=False, cmake_clean_first=False, cmake_force_configure=False, ament_cmake_args=None, catkin_cmake_args=None, catkin_skip_building_tests=False, verb_parser=<colcon_defaults.argument_parser.defaults.DefaultArgumentsDecorator object at 0x7fb12c165150>, verb_extension=<colcon_core.verb.build.BuildVerb object at 0x7fb12c1645b0>, main=<bound method BuildVerb.main of <colcon_core.verb.build.BuildVerb object at 0x7fb12c1645b0>>)
[0.262s] Level 1:colcon.colcon_core.package_discovery:discover_packages(colcon_meta) check parameters
[0.262s] Level 1:colcon.colcon_core.package_discovery:discover_packages(recursive) check parameters
[0.262s] Level 1:colcon.colcon_core.package_discovery:discover_packages(ignore) check parameters
[0.262s] Level 1:colcon.colcon_core.package_discovery:discover_packages(path) check parameters
[0.262s] Level 1:colcon.colcon_core.package_discovery:discover_packages(colcon_meta) discover
[0.262s] Level 1:colcon.colcon_core.package_discovery:discover_packages(recursive) discover
[0.262s] INFO:colcon.colcon_core.package_discovery:Crawling recursively for packages in '/home/cuk/fanuc_cuk_ws'
[0.263s] Level 1:colcon.colcon_core.package_identification:_identify(.) by extensions ['ignore', 'ignore_ament_install']
[0.263s] Level 1:colcon.colcon_core.package_identification:_identify(.) by extension 'ignore'
[0.263s] Level 1:colcon.colcon_core.package_identification:_identify(.) by extension 'ignore_ament_install'
[0.263s] Level 1:colcon.colcon_core.package_identification:_identify(.) by extensions ['colcon_pkg']
[0.263s] Level 1:colcon.colcon_core.package_identification:_identify(.) by extension 'colcon_pkg'
[0.263s] Level 1:colcon.colcon_core.package_identification:_identify(.) by extensions ['colcon_meta']
[0.263s] Level 1:colcon.colcon_core.package_identification:_identify(.) by extension 'colcon_meta'
[0.263s] Level 1:colcon.colcon_core.package_identification:_identify(.) by extensions ['ros']
[0.263s] Level 1:colcon.colcon_core.package_identification:_identify(.) by extension 'ros'
[0.296s] Level 1:colcon.colcon_core.package_identification:_identify(.) by extensions ['cmake', 'python']
[0.296s] Level 1:colcon.colcon_core.package_identification:_identify(.) by extension 'cmake'
[0.296s] Level 1:colcon.colcon_core.package_identification:_identify(.) by extension 'python'
[0.296s] Level 1:colcon.colcon_core.package_identification:_identify(.) by extensions ['python_setup_py']
[0.296s] Level 1:colcon.colcon_core.package_identification:_identify(.) by extension 'python_setup_py'
[0.296s] Level 1:colcon.colcon_core.package_identification:_identify(build) by extensions ['ignore', 'ignore_ament_install']
[0.296s] Level 1:colcon.colcon_core.package_identification:_identify(build) by extension 'ignore'
[0.296s] Level 1:colcon.colcon_core.package_identification:_identify(build) ignored
[0.296s] Level 1:colcon.colcon_core.package_identification:_identify(fanuc_crx10ia_support) by extensions ['ignore', 'ignore_ament_install']
[0.296s] Level 1:colcon.colcon_core.package_identification:_identify(fanuc_crx10ia_support) by extension 'ignore'
[0.296s] Level 1:colcon.colcon_core.package_identification:_identify(fanuc_crx10ia_support) by extension 'ignore_ament_install'
[0.296s] Level 1:colcon.colcon_core.package_identification:_identify(fanuc_crx10ia_support) by extensions ['colcon_pkg']
[0.296s] Level 1:colcon.colcon_core.package_identification:_identify(fanuc_crx10ia_support) by extension 'colcon_pkg'
[0.296s] Level 1:colcon.colcon_core.package_identification:_identify(fanuc_crx10ia_support) by extensions ['colcon_meta']
[0.296s] Level 1:colcon.colcon_core.package_identification:_identify(fanuc_crx10ia_support) by extension 'colcon_meta'
[0.296s] Level 1:colcon.colcon_core.package_identification:_identify(fanuc_crx10ia_support) by extensions ['ros']
[0.296s] Level 1:colcon.colcon_core.package_identification:_identify(fanuc_crx10ia_support) by extension 'ros'
[0.299s] DEBUG:colcon.colcon_core.package_identification:Package 'fanuc_crx10ia_support' with type 'ros.ament_cmake' and name 'fanuc_crx10ia_support'
[0.300s] Level 1:colcon.colcon_core.package_identification:_identify(fanuc_resources) by extensions ['ignore', 'ignore_ament_install']
[0.300s] Level 1:colcon.colcon_core.package_identification:_identify(fanuc_resources) by extension 'ignore'
[0.300s] Level 1:colcon.colcon_core.package_identification:_identify(fanuc_resources) by extension 'ignore_ament_install'
[0.300s] Level 1:colcon.colcon_core.package_identification:_identify(fanuc_resources) by extensions ['colcon_pkg']
[0.300s] Level 1:colcon.colcon_core.package_identification:_identify(fanuc_resources) by extension 'colcon_pkg'
[0.300s] Level 1:colcon.colcon_core.package_identification:_identify(fanuc_resources) by extensions ['colcon_meta']
[0.300s] Level 1:colcon.colcon_core.package_identification:_identify(fanuc_resources) by extension 'colcon_meta'
[0.300s] Level 1:colcon.colcon_core.package_identification:_identify(fanuc_resources) by extensions ['ros']
[0.300s] Level 1:colcon.colcon_core.package_identification:_identify(fanuc_resources) by extension 'ros'
[0.301s] DEBUG:colcon.colcon_core.package_identification:Package 'fanuc_resources' with type 'ros.ament_cmake' and name 'fanuc_resources'
[0.301s] Level 1:colcon.colcon_core.package_identification:_identify(install) by extensions ['ignore', 'ignore_ament_install']
[0.301s] Level 1:colcon.colcon_core.package_identification:_identify(install) by extension 'ignore'
[0.301s] Level 1:colcon.colcon_core.package_identification:_identify(install) ignored
[0.301s] Level 1:colcon.colcon_core.package_identification:_identify(log) by extensions ['ignore', 'ignore_ament_install']
[0.301s] Level 1:colcon.colcon_core.package_identification:_identify(log) by extension 'ignore'
[0.301s] Level 1:colcon.colcon_core.package_identification:_identify(log) ignored
[0.301s] Level 1:colcon.colcon_core.package_discovery:discover_packages(recursive) using defaults
[0.301s] Level 1:colcon.colcon_core.package_discovery:discover_packages(ignore) discover
[0.301s] Level 1:colcon.colcon_core.package_discovery:discover_packages(ignore) using defaults
[0.301s] Level 1:colcon.colcon_core.package_discovery:discover_packages(path) discover
[0.301s] Level 1:colcon.colcon_core.package_discovery:discover_packages(path) using defaults
[0.317s] Level 1:colcon.colcon_core.package_discovery:discover_packages(prefix_path) check parameters
[0.317s] Level 1:colcon.colcon_core.package_discovery:discover_packages(prefix_path) discover
[0.318s] DEBUG:colcon.colcon_installed_package_information.package_discovery:Found 2 installed packages in /home/cuk/fanuc_cuk_ws/install
[0.320s] DEBUG:colcon.colcon_installed_package_information.package_discovery:Found 405 installed packages in /opt/ros/humble
[0.322s] Level 1:colcon.colcon_core.package_discovery:discover_packages(prefix_path) using defaults
[0.375s] Level 5:colcon.colcon_core.verb:set package 'fanuc_resources' build argument 'cmake_args' from command line to 'None'
[0.375s] Level 5:colcon.colcon_core.verb:set package 'fanuc_resources' build argument 'cmake_target' from command line to 'None'
[0.375s] Level 5:colcon.colcon_core.verb:set package 'fanuc_resources' build argument 'cmake_target_skip_unavailable' from command line to 'False'
[0.375s] Level 5:colcon.colcon_core.verb:set package 'fanuc_resources' build argument 'cmake_clean_cache' from command line to 'False'
[0.376s] Level 5:colcon.colcon_core.verb:set package 'fanuc_resources' build argument 'cmake_clean_first' from command line to 'False'
[0.376s] Level 5:colcon.colcon_core.verb:set package 'fanuc_resources' build argument 'cmake_force_configure' from command line to 'False'
[0.376s] Level 5:colcon.colcon_core.verb:set package 'fanuc_resources' build argument 'ament_cmake_args' from command line to 'None'
[0.376s] Level 5:colcon.colcon_core.verb:set package 'fanuc_resources' build argument 'catkin_cmake_args' from command line to 'None'
[0.376s] Level 5:colcon.colcon_core.verb:set package 'fanuc_resources' build argument 'catkin_skip_building_tests' from command line to 'False'
[0.376s] DEBUG:colcon.colcon_core.verb:Building package 'fanuc_resources' with the following arguments: {'ament_cmake_args': None, 'build_base': '/home/cuk/fanuc_cuk_ws/build/fanuc_resources', 'catkin_cmake_args': None, 'catkin_skip_building_tests': False, 'cmake_args': None, 'cmake_clean_cache': False, 'cmake_clean_first': False, 'cmake_force_configure': False, 'cmake_target': None, 'cmake_target_skip_unavailable': False, 'install_base': '/home/cuk/fanuc_cuk_ws/install/fanuc_resources', 'merge_install': False, 'path': '/home/cuk/fanuc_cuk_ws/fanuc_resources', 'symlink_install': False, 'test_result_base': None}
[0.376s] Level 5:colcon.colcon_core.verb:set package 'fanuc_crx10ia_support' build argument 'cmake_args' from command line to 'None'
[0.376s] Level 5:colcon.colcon_core.verb:set package 'fanuc_crx10ia_support' build argument 'cmake_target' from command line to 'None'
[0.376s] Level 5:colcon.colcon_core.verb:set package 'fanuc_crx10ia_support' build argument 'cmake_target_skip_unavailable' from command line to 'False'
[0.376s] Level 5:colcon.colcon_core.verb:set package 'fanuc_crx10ia_support' build argument 'cmake_clean_cache' from command line to 'False'
[0.376s] Level 5:colcon.colcon_core.verb:set package 'fanuc_crx10ia_support' build argument 'cmake_clean_first' from command line to 'False'
[0.376s] Level 5:colcon.colcon_core.verb:set package 'fanuc_crx10ia_support' build argument 'cmake_force_configure' from command line to 'False'
[0.376s] Level 5:colcon.colcon_core.verb:set package 'fanuc_crx10ia_support' build argument 'ament_cmake_args' from command line to 'None'
[0.376s] Level 5:colcon.colcon_core.verb:set package 'fanuc_crx10ia_support' build argument 'catkin_cmake_args' from command line to 'None'
[0.376s] Level 5:colcon.colcon_core.verb:set package 'fanuc_crx10ia_support' build argument 'catkin_skip_building_tests' from command line to 'False'
[0.376s] DEBUG:colcon.colcon_core.verb:Building package 'fanuc_crx10ia_support' with the following arguments: {'ament_cmake_args': None, 'build_base': '/home/cuk/fanuc_cuk_ws/build/fanuc_crx10ia_support', 'catkin_cmake_args': None, 'catkin_skip_building_tests': False, 'cmake_args': None, 'cmake_clean_cache': False, 'cmake_clean_first': False, 'cmake_force_configure': False, 'cmake_target': None, 'cmake_target_skip_unavailable': False, 'install_base': '/home/cuk/fanuc_cuk_ws/install/fanuc_crx10ia_support', 'merge_install': False, 'path': '/home/cuk/fanuc_cuk_ws/fanuc_crx10ia_support', 'symlink_install': False, 'test_result_base': None}
[0.376s] INFO:colcon.colcon_core.executor:Executing jobs using 'parallel' executor
[0.377s] DEBUG:colcon.colcon_parallel_executor.executor.parallel:run_until_complete
[0.377s] INFO:colcon.colcon_ros.task.ament_cmake.build:Building ROS package in '/home/cuk/fanuc_cuk_ws/fanuc_resources' with build type 'ament_cmake'
[0.377s] INFO:colcon.colcon_cmake.task.cmake.build:Building CMake package in '/home/cuk/fanuc_cuk_ws/fanuc_resources'
[0.380s] INFO:colcon.colcon_core.plugin_system:Skipping extension 'colcon_core.shell.bat': Not used on non-Windows systems
[0.380s] INFO:colcon.colcon_core.shell:Skip shell extension 'powershell' for command environment: Not usable outside of PowerShell
[0.380s] DEBUG:colcon.colcon_core.shell:Skip shell extension 'dsv' for command environment
[0.391s] DEBUG:colcon.colcon_core.event_handler.log_command:Invoking command in '/home/cuk/fanuc_cuk_ws/build/fanuc_resources': CMAKE_PREFIX_PATH=${CMAKE_PREFIX_PATH}:/opt/ros/humble /usr/bin/cmake --build /home/cuk/fanuc_cuk_ws/build/fanuc_resources -- -j12 -l12
[0.442s] DEBUG:colcon.colcon_core.event_handler.log_command:Invoked command in '/home/cuk/fanuc_cuk_ws/build/fanuc_resources' returned '0': CMAKE_PREFIX_PATH=${CMAKE_PREFIX_PATH}:/opt/ros/humble /usr/bin/cmake --build /home/cuk/fanuc_cuk_ws/build/fanuc_resources -- -j12 -l12
[0.454s] DEBUG:colcon.colcon_core.event_handler.log_command:Invoking command in '/home/cuk/fanuc_cuk_ws/build/fanuc_resources': CMAKE_PREFIX_PATH=${CMAKE_PREFIX_PATH}:/opt/ros/humble /usr/bin/cmake --install /home/cuk/fanuc_cuk_ws/build/fanuc_resources
[0.466s] Level 1:colcon.colcon_core.environment:create_environment_scripts_only(fanuc_resources)
[0.466s] DEBUG:colcon.colcon_core.event_handler.log_command:Invoked command in '/home/cuk/fanuc_cuk_ws/build/fanuc_resources' returned '0': CMAKE_PREFIX_PATH=${CMAKE_PREFIX_PATH}:/opt/ros/humble /usr/bin/cmake --install /home/cuk/fanuc_cuk_ws/build/fanuc_resources
[0.468s] Level 1:colcon.colcon_core.environment:checking '/home/cuk/fanuc_cuk_ws/install/fanuc_resources' for CMake module files
[0.469s] Level 1:colcon.colcon_core.environment:checking '/home/cuk/fanuc_cuk_ws/install/fanuc_resources' for CMake config files
[0.469s] Level 1:colcon.colcon_core.shell:create_environment_hook('fanuc_resources', 'cmake_prefix_path')
[0.469s] INFO:colcon.colcon_core.shell:Creating environment hook '/home/cuk/fanuc_cuk_ws/install/fanuc_resources/share/fanuc_resources/hook/cmake_prefix_path.ps1'
[0.470s] INFO:colcon.colcon_core.shell:Creating environment descriptor '/home/cuk/fanuc_cuk_ws/install/fanuc_resources/share/fanuc_resources/hook/cmake_prefix_path.dsv'
[0.470s] INFO:colcon.colcon_core.shell:Creating environment hook '/home/cuk/fanuc_cuk_ws/install/fanuc_resources/share/fanuc_resources/hook/cmake_prefix_path.sh'
[0.471s] Level 1:colcon.colcon_core.environment:checking '/home/cuk/fanuc_cuk_ws/install/fanuc_resources/bin'
[0.471s] Level 1:colcon.colcon_core.environment:checking '/home/cuk/fanuc_cuk_ws/install/fanuc_resources/lib/pkgconfig/fanuc_resources.pc'
[0.471s] Level 1:colcon.colcon_core.environment:checking '/home/cuk/fanuc_cuk_ws/install/fanuc_resources/lib/python3.10/site-packages'
[0.471s] Level 1:colcon.colcon_core.environment:checking '/home/cuk/fanuc_cuk_ws/install/fanuc_resources/bin'
[0.472s] INFO:colcon.colcon_core.shell:Creating package script '/home/cuk/fanuc_cuk_ws/install/fanuc_resources/share/fanuc_resources/package.ps1'
[0.472s] INFO:colcon.colcon_core.shell:Creating package descriptor '/home/cuk/fanuc_cuk_ws/install/fanuc_resources/share/fanuc_resources/package.dsv'
[0.473s] INFO:colcon.colcon_core.shell:Creating package script '/home/cuk/fanuc_cuk_ws/install/fanuc_resources/share/fanuc_resources/package.sh'
[0.473s] INFO:colcon.colcon_core.shell:Creating package script '/home/cuk/fanuc_cuk_ws/install/fanuc_resources/share/fanuc_resources/package.bash'
[0.474s] INFO:colcon.colcon_core.shell:Creating package script '/home/cuk/fanuc_cuk_ws/install/fanuc_resources/share/fanuc_resources/package.zsh'
[0.474s] Level 1:colcon.colcon_core.environment:create_file_with_runtime_dependencies(/home/cuk/fanuc_cuk_ws/install/fanuc_resources/share/colcon-core/packages/fanuc_resources)
[0.475s] Level 1:colcon.colcon_core.environment:create_environment_scripts_only(fanuc_resources)
[0.475s] Level 1:colcon.colcon_core.environment:checking '/home/cuk/fanuc_cuk_ws/install/fanuc_resources' for CMake module files
[0.475s] Level 1:colcon.colcon_core.environment:checking '/home/cuk/fanuc_cuk_ws/install/fanuc_resources' for CMake config files
[0.476s] Level 1:colcon.colcon_core.shell:create_environment_hook('fanuc_resources', 'cmake_prefix_path')
[0.476s] INFO:colcon.colcon_core.shell:Creating environment hook '/home/cuk/fanuc_cuk_ws/install/fanuc_resources/share/fanuc_resources/hook/cmake_prefix_path.ps1'
[0.476s] INFO:colcon.colcon_core.shell:Creating environment descriptor '/home/cuk/fanuc_cuk_ws/install/fanuc_resources/share/fanuc_resources/hook/cmake_prefix_path.dsv'
[0.476s] INFO:colcon.colcon_core.shell:Creating environment hook '/home/cuk/fanuc_cuk_ws/install/fanuc_resources/share/fanuc_resources/hook/cmake_prefix_path.sh'
[0.477s] Level 1:colcon.colcon_core.environment:checking '/home/cuk/fanuc_cuk_ws/install/fanuc_resources/bin'
[0.477s] Level 1:colcon.colcon_core.environment:checking '/home/cuk/fanuc_cuk_ws/install/fanuc_resources/lib/pkgconfig/fanuc_resources.pc'
[0.477s] Level 1:colcon.colcon_core.environment:checking '/home/cuk/fanuc_cuk_ws/install/fanuc_resources/lib/python3.10/site-packages'
[0.477s] Level 1:colcon.colcon_core.environment:checking '/home/cuk/fanuc_cuk_ws/install/fanuc_resources/bin'
[0.477s] INFO:colcon.colcon_core.shell:Creating package script '/home/cuk/fanuc_cuk_ws/install/fanuc_resources/share/fanuc_resources/package.ps1'
[0.478s] INFO:colcon.colcon_core.shell:Creating package descriptor '/home/cuk/fanuc_cuk_ws/install/fanuc_resources/share/fanuc_resources/package.dsv'
[0.478s] INFO:colcon.colcon_core.shell:Creating package script '/home/cuk/fanuc_cuk_ws/install/fanuc_resources/share/fanuc_resources/package.sh'
[0.479s] INFO:colcon.colcon_core.shell:Creating package script '/home/cuk/fanuc_cuk_ws/install/fanuc_resources/share/fanuc_resources/package.bash'
[0.479s] INFO:colcon.colcon_core.shell:Creating package script '/home/cuk/fanuc_cuk_ws/install/fanuc_resources/share/fanuc_resources/package.zsh'
[0.479s] Level 1:colcon.colcon_core.environment:create_file_with_runtime_dependencies(/home/cuk/fanuc_cuk_ws/install/fanuc_resources/share/colcon-core/packages/fanuc_resources)
[0.480s] INFO:colcon.colcon_ros.task.ament_cmake.build:Building ROS package in '/home/cuk/fanuc_cuk_ws/fanuc_crx10ia_support' with build type 'ament_cmake'
[0.480s] INFO:colcon.colcon_cmake.task.cmake.build:Building CMake package in '/home/cuk/fanuc_cuk_ws/fanuc_crx10ia_support'
[0.480s] INFO:colcon.colcon_core.shell:Skip shell extension 'powershell' for command environment: Not usable outside of PowerShell
[0.480s] DEBUG:colcon.colcon_core.shell:Skip shell extension 'dsv' for command environment
[0.492s] DEBUG:colcon.colcon_core.event_handler.log_command:Invoking command in '/home/cuk/fanuc_cuk_ws/build/fanuc_crx10ia_support': CMAKE_PREFIX_PATH=/home/cuk/fanuc_cuk_ws/install/fanuc_resources:/home/cuk/fanuc_cuk_ws/install/fanuc_crx10ia_support:/opt/ros/humble /usr/bin/cmake --build /home/cuk/fanuc_cuk_ws/build/fanuc_crx10ia_support -- -j12 -l12
[0.538s] DEBUG:colcon.colcon_core.event_handler.log_command:Invoked command in '/home/cuk/fanuc_cuk_ws/build/fanuc_crx10ia_support' returned '0': CMAKE_PREFIX_PATH=/home/cuk/fanuc_cuk_ws/install/fanuc_resources:/home/cuk/fanuc_cuk_ws/install/fanuc_crx10ia_support:/opt/ros/humble /usr/bin/cmake --build /home/cuk/fanuc_cuk_ws/build/fanuc_crx10ia_support -- -j12 -l12
[0.540s] DEBUG:colcon.colcon_core.event_handler.log_command:Invoking command in '/home/cuk/fanuc_cuk_ws/build/fanuc_crx10ia_support': CMAKE_PREFIX_PATH=/home/cuk/fanuc_cuk_ws/install/fanuc_resources:/home/cuk/fanuc_cuk_ws/install/fanuc_crx10ia_support:/opt/ros/humble /usr/bin/cmake --install /home/cuk/fanuc_cuk_ws/build/fanuc_crx10ia_support
[0.553s] Level 1:colcon.colcon_core.environment:create_environment_scripts_only(fanuc_crx10ia_support)
[0.553s] DEBUG:colcon.colcon_core.event_handler.log_command:Invoked command in '/home/cuk/fanuc_cuk_ws/build/fanuc_crx10ia_support' returned '0': CMAKE_PREFIX_PATH=/home/cuk/fanuc_cuk_ws/install/fanuc_resources:/home/cuk/fanuc_cuk_ws/install/fanuc_crx10ia_support:/opt/ros/humble /usr/bin/cmake --install /home/cuk/fanuc_cuk_ws/build/fanuc_crx10ia_support
[0.553s] Level 1:colcon.colcon_core.environment:checking '/home/cuk/fanuc_cuk_ws/install/fanuc_crx10ia_support' for CMake module files
[0.554s] Level 1:colcon.colcon_core.environment:checking '/home/cuk/fanuc_cuk_ws/install/fanuc_crx10ia_support' for CMake config files
[0.555s] Level 1:colcon.colcon_core.shell:create_environment_hook('fanuc_crx10ia_support', 'cmake_prefix_path')
[0.555s] INFO:colcon.colcon_core.shell:Creating environment hook '/home/cuk/fanuc_cuk_ws/install/fanuc_crx10ia_support/share/fanuc_crx10ia_support/hook/cmake_prefix_path.ps1'
[0.555s] INFO:colcon.colcon_core.shell:Creating environment descriptor '/home/cuk/fanuc_cuk_ws/install/fanuc_crx10ia_support/share/fanuc_crx10ia_support/hook/cmake_prefix_path.dsv'
[0.556s] INFO:colcon.colcon_core.shell:Creating environment hook '/home/cuk/fanuc_cuk_ws/install/fanuc_crx10ia_support/share/fanuc_crx10ia_support/hook/cmake_prefix_path.sh'
[0.556s] Level 1:colcon.colcon_core.environment:checking '/home/cuk/fanuc_cuk_ws/install/fanuc_crx10ia_support/lib'
[0.556s] Level 1:colcon.colcon_core.environment:checking '/home/cuk/fanuc_cuk_ws/install/fanuc_crx10ia_support/bin'
[0.556s] Level 1:colcon.colcon_core.environment:checking '/home/cuk/fanuc_cuk_ws/install/fanuc_crx10ia_support/lib/pkgconfig/fanuc_crx10ia_support.pc'
[0.556s] Level 1:colcon.colcon_core.environment:checking '/home/cuk/fanuc_cuk_ws/install/fanuc_crx10ia_support/lib/python3.10/site-packages'
[0.557s] Level 1:colcon.colcon_core.environment:checking '/home/cuk/fanuc_cuk_ws/install/fanuc_crx10ia_support/bin'
[0.557s] INFO:colcon.colcon_core.shell:Creating package script '/home/cuk/fanuc_cuk_ws/install/fanuc_crx10ia_support/share/fanuc_crx10ia_support/package.ps1'
[0.557s] INFO:colcon.colcon_core.shell:Creating package descriptor '/home/cuk/fanuc_cuk_ws/install/fanuc_crx10ia_support/share/fanuc_crx10ia_support/package.dsv'
[0.558s] INFO:colcon.colcon_core.shell:Creating package script '/home/cuk/fanuc_cuk_ws/install/fanuc_crx10ia_support/share/fanuc_crx10ia_support/package.sh'
[0.558s] INFO:colcon.colcon_core.shell:Creating package script '/home/cuk/fanuc_cuk_ws/install/fanuc_crx10ia_support/share/fanuc_crx10ia_support/package.bash'
[0.558s] INFO:colcon.colcon_core.shell:Creating package script '/home/cuk/fanuc_cuk_ws/install/fanuc_crx10ia_support/share/fanuc_crx10ia_support/package.zsh'
[0.558s] Level 1:colcon.colcon_core.environment:create_file_with_runtime_dependencies(/home/cuk/fanuc_cuk_ws/install/fanuc_crx10ia_support/share/colcon-core/packages/fanuc_crx10ia_support)
[0.559s] Level 1:colcon.colcon_core.environment:create_environment_scripts_only(fanuc_crx10ia_support)
[0.559s] Level 1:colcon.colcon_core.environment:checking '/home/cuk/fanuc_cuk_ws/install/fanuc_crx10ia_support' for CMake module files
[0.559s] Level 1:colcon.colcon_core.environment:checking '/home/cuk/fanuc_cuk_ws/install/fanuc_crx10ia_support' for CMake config files
[0.560s] Level 1:colcon.colcon_core.shell:create_environment_hook('fanuc_crx10ia_support', 'cmake_prefix_path')
[0.560s] INFO:colcon.colcon_core.shell:Creating environment hook '/home/cuk/fanuc_cuk_ws/install/fanuc_crx10ia_support/share/fanuc_crx10ia_support/hook/cmake_prefix_path.ps1'
[0.560s] INFO:colcon.colcon_core.shell:Creating environment descriptor '/home/cuk/fanuc_cuk_ws/install/fanuc_crx10ia_support/share/fanuc_crx10ia_support/hook/cmake_prefix_path.dsv'
[0.560s] INFO:colcon.colcon_core.shell:Creating environment hook '/home/cuk/fanuc_cuk_ws/install/fanuc_crx10ia_support/share/fanuc_crx10ia_support/hook/cmake_prefix_path.sh'
[0.561s] Level 1:colcon.colcon_core.environment:checking '/home/cuk/fanuc_cuk_ws/install/fanuc_crx10ia_support/lib'
[0.561s] Level 1:colcon.colcon_core.environment:checking '/home/cuk/fanuc_cuk_ws/install/fanuc_crx10ia_support/bin'
[0.561s] Level 1:colcon.colcon_core.environment:checking '/home/cuk/fanuc_cuk_ws/install/fanuc_crx10ia_support/lib/pkgconfig/fanuc_crx10ia_support.pc'
[0.561s] Level 1:colcon.colcon_core.environment:checking '/home/cuk/fanuc_cuk_ws/install/fanuc_crx10ia_support/lib/python3.10/site-packages'
[0.561s] Level 1:colcon.colcon_core.environment:checking '/home/cuk/fanuc_cuk_ws/install/fanuc_crx10ia_support/bin'
[0.562s] INFO:colcon.colcon_core.shell:Creating package script '/home/cuk/fanuc_cuk_ws/install/fanuc_crx10ia_support/share/fanuc_crx10ia_support/package.ps1'
[0.562s] INFO:colcon.colcon_core.shell:Creating package descriptor '/home/cuk/fanuc_cuk_ws/install/fanuc_crx10ia_support/share/fanuc_crx10ia_support/package.dsv'
[0.562s] INFO:colcon.colcon_core.shell:Creating package script '/home/cuk/fanuc_cuk_ws/install/fanuc_crx10ia_support/share/fanuc_crx10ia_support/package.sh'
[0.563s] INFO:colcon.colcon_core.shell:Creating package script '/home/cuk/fanuc_cuk_ws/install/fanuc_crx10ia_support/share/fanuc_crx10ia_support/package.bash'
[0.563s] INFO:colcon.colcon_core.shell:Creating package script '/home/cuk/fanuc_cuk_ws/install/fanuc_crx10ia_support/share/fanuc_crx10ia_support/package.zsh'
[0.563s] Level 1:colcon.colcon_core.environment:create_file_with_runtime_dependencies(/home/cuk/fanuc_cuk_ws/install/fanuc_crx10ia_support/share/colcon-core/packages/fanuc_crx10ia_support)
[0.564s] DEBUG:colcon.colcon_parallel_executor.executor.parallel:closing loop
[0.564s] DEBUG:colcon.colcon_parallel_executor.executor.parallel:loop closed
[0.564s] DEBUG:colcon.colcon_parallel_executor.executor.parallel:run_until_complete finished with '0'
[0.564s] DEBUG:colcon.colcon_core.event_reactor:joining thread
[0.571s] INFO:colcon.colcon_core.plugin_system:Skipping extension 'colcon_notification.desktop_notification.terminal_notifier': Not used on non-Darwin systems
[0.571s] INFO:colcon.colcon_core.plugin_system:Skipping extension 'colcon_notification.desktop_notification.win32': Not used on non-Windows systems
[0.571s] INFO:colcon.colcon_notification.desktop_notification:Sending desktop notification using 'notify2'
[0.582s] DEBUG:colcon.colcon_core.event_reactor:joined thread
[0.583s] INFO:colcon.colcon_core.shell:Creating prefix script '/home/cuk/fanuc_cuk_ws/install/local_setup.ps1'
[0.584s] INFO:colcon.colcon_core.shell:Creating prefix util module '/home/cuk/fanuc_cuk_ws/install/_local_setup_util_ps1.py'
[0.585s] INFO:colcon.colcon_core.shell:Creating prefix chain script '/home/cuk/fanuc_cuk_ws/install/setup.ps1'
[0.586s] INFO:colcon.colcon_core.shell:Creating prefix script '/home/cuk/fanuc_cuk_ws/install/local_setup.sh'
[0.586s] INFO:colcon.colcon_core.shell:Creating prefix util module '/home/cuk/fanuc_cuk_ws/install/_local_setup_util_sh.py'
[0.587s] INFO:colcon.colcon_core.shell:Creating prefix chain script '/home/cuk/fanuc_cuk_ws/install/setup.sh'
[0.587s] INFO:colcon.colcon_core.shell:Creating prefix script '/home/cuk/fanuc_cuk_ws/install/local_setup.bash'
[0.588s] INFO:colcon.colcon_core.shell:Creating prefix chain script '/home/cuk/fanuc_cuk_ws/install/setup.bash'
[0.589s] INFO:colcon.colcon_core.shell:Creating prefix script '/home/cuk/fanuc_cuk_ws/install/local_setup.zsh'
[0.589s] INFO:colcon.colcon_core.shell:Creating prefix chain script '/home/cuk/fanuc_cuk_ws/install/setup.zsh'
