-- Install configuration: ""
-- Up-to-date: /home/cuk/fanuc_cuk_ws/install/fanuc_crx10ia_support/share/fanuc_crx10ia_support//urdf
-- Up-to-date: /home/cuk/fanuc_cuk_ws/install/fanuc_crx10ia_support/share/fanuc_crx10ia_support//urdf/crx10ial_macro.xacro
-- Up-to-date: /home/cuk/fanuc_cuk_ws/install/fanuc_crx10ia_support/share/fanuc_crx10ia_support//urdf/crx10ial.ros2_control.xacro
-- Up-to-date: /home/cuk/fanuc_cuk_ws/install/fanuc_crx10ia_support/share/fanuc_crx10ia_support//urdf/crx10ial.xacro
-- Up-to-date: /home/cuk/fanuc_cuk_ws/install/fanuc_crx10ia_support/share/fanuc_crx10ia_support//meshes
-- Up-to-date: /home/cuk/fanuc_cuk_ws/install/fanuc_crx10ia_support/share/fanuc_crx10ia_support//meshes/crx10ial
-- Up-to-date: /home/cuk/fanuc_cuk_ws/install/fanuc_crx10ia_support/share/fanuc_crx10ia_support//meshes/crx10ial/collision
-- Up-to-date: /home/cuk/fanuc_cuk_ws/install/fanuc_crx10ia_support/share/fanuc_crx10ia_support//meshes/crx10ial/collision/link_3.stl
-- Up-to-date: /home/cuk/fanuc_cuk_ws/install/fanuc_crx10ia_support/share/fanuc_crx10ia_support//meshes/crx10ial/collision/link_4.stl
-- Up-to-date: /home/cuk/fanuc_cuk_ws/install/fanuc_crx10ia_support/share/fanuc_crx10ia_support//meshes/crx10ial/collision/link_6.stl
-- Up-to-date: /home/cuk/fanuc_cuk_ws/install/fanuc_crx10ia_support/share/fanuc_crx10ia_support//meshes/crx10ial/collision/link_5.stl
-- Up-to-date: /home/cuk/fanuc_cuk_ws/install/fanuc_crx10ia_support/share/fanuc_crx10ia_support//meshes/crx10ial/collision/base_link.stl
-- Up-to-date: /home/cuk/fanuc_cuk_ws/install/fanuc_crx10ia_support/share/fanuc_crx10ia_support//meshes/crx10ial/collision/link_1.stl
-- Up-to-date: /home/cuk/fanuc_cuk_ws/install/fanuc_crx10ia_support/share/fanuc_crx10ia_support//meshes/crx10ial/collision/link_2.stl
-- Up-to-date: /home/cuk/fanuc_cuk_ws/install/fanuc_crx10ia_support/share/fanuc_crx10ia_support//meshes/crx10ial/visual
-- Up-to-date: /home/cuk/fanuc_cuk_ws/install/fanuc_crx10ia_support/share/fanuc_crx10ia_support//meshes/crx10ial/visual/link_3.stl
-- Up-to-date: /home/cuk/fanuc_cuk_ws/install/fanuc_crx10ia_support/share/fanuc_crx10ia_support//meshes/crx10ial/visual/link_4.stl
-- Up-to-date: /home/cuk/fanuc_cuk_ws/install/fanuc_crx10ia_support/share/fanuc_crx10ia_support//meshes/crx10ial/visual/link_6.stl
-- Up-to-date: /home/cuk/fanuc_cuk_ws/install/fanuc_crx10ia_support/share/fanuc_crx10ia_support//meshes/crx10ial/visual/link_5.stl
-- Up-to-date: /home/cuk/fanuc_cuk_ws/install/fanuc_crx10ia_support/share/fanuc_crx10ia_support//meshes/crx10ial/visual/base_link.stl
-- Up-to-date: /home/cuk/fanuc_cuk_ws/install/fanuc_crx10ia_support/share/fanuc_crx10ia_support//meshes/crx10ial/visual/link_1.stl
-- Up-to-date: /home/cuk/fanuc_cuk_ws/install/fanuc_crx10ia_support/share/fanuc_crx10ia_support//meshes/crx10ial/visual/link_2.stl
-- Up-to-date: /home/cuk/fanuc_cuk_ws/install/fanuc_crx10ia_support/share/fanuc_crx10ia_support/config
-- Up-to-date: /home/cuk/fanuc_cuk_ws/install/fanuc_crx10ia_support/share/fanuc_crx10ia_support/config/controllers.yaml
-- Up-to-date: /home/cuk/fanuc_cuk_ws/install/fanuc_crx10ia_support/share/fanuc_crx10ia_support/launch
-- Up-to-date: /home/cuk/fanuc_cuk_ws/install/fanuc_crx10ia_support/share/fanuc_crx10ia_support/launch/display.launch.py
-- Up-to-date: /home/cuk/fanuc_cuk_ws/install/fanuc_crx10ia_support/share/fanuc_crx10ia_support/launch/publish_joint_trajectory.py
-- Up-to-date: /home/cuk/fanuc_cuk_ws/install/fanuc_crx10ia_support/share/fanuc_crx10ia_support/launch/publish_joint_positions.launch.py
-- Installing: /home/cuk/fanuc_cuk_ws/install/fanuc_crx10ia_support/share/fanuc_crx10ia_support/launch/ros2_control.launch.py
-- Up-to-date: /home/cuk/fanuc_cuk_ws/install/fanuc_crx10ia_support/share/fanuc_crx10ia_support/launch/publish_joint_positions.py
-- Up-to-date: /home/cuk/fanuc_cuk_ws/install/fanuc_crx10ia_support/share/fanuc_crx10ia_support/launch/publish_joint_trajectory.launch.py
-- Up-to-date: /home/cuk/fanuc_cuk_ws/install/fanuc_crx10ia_support/lib/fanuc_crx10ia_support/publish_joint_positions.py
-- Up-to-date: /home/cuk/fanuc_cuk_ws/install/fanuc_crx10ia_support/lib/fanuc_crx10ia_support/publish_joint_trajectory.py
-- Up-to-date: /home/cuk/fanuc_cuk_ws/install/fanuc_crx10ia_support/share/ament_index/resource_index/package_run_dependencies/fanuc_crx10ia_support
-- Up-to-date: /home/cuk/fanuc_cuk_ws/install/fanuc_crx10ia_support/share/ament_index/resource_index/parent_prefix_path/fanuc_crx10ia_support
-- Up-to-date: /home/cuk/fanuc_cuk_ws/install/fanuc_crx10ia_support/share/fanuc_crx10ia_support/environment/ament_prefix_path.sh
-- Up-to-date: /home/cuk/fanuc_cuk_ws/install/fanuc_crx10ia_support/share/fanuc_crx10ia_support/environment/ament_prefix_path.dsv
-- Up-to-date: /home/cuk/fanuc_cuk_ws/install/fanuc_crx10ia_support/share/fanuc_crx10ia_support/environment/path.sh
-- Up-to-date: /home/cuk/fanuc_cuk_ws/install/fanuc_crx10ia_support/share/fanuc_crx10ia_support/environment/path.dsv
-- Up-to-date: /home/cuk/fanuc_cuk_ws/install/fanuc_crx10ia_support/share/fanuc_crx10ia_support/local_setup.bash
-- Up-to-date: /home/cuk/fanuc_cuk_ws/install/fanuc_crx10ia_support/share/fanuc_crx10ia_support/local_setup.sh
-- Up-to-date: /home/cuk/fanuc_cuk_ws/install/fanuc_crx10ia_support/share/fanuc_crx10ia_support/local_setup.zsh
-- Up-to-date: /home/cuk/fanuc_cuk_ws/install/fanuc_crx10ia_support/share/fanuc_crx10ia_support/local_setup.dsv
-- Installing: /home/cuk/fanuc_cuk_ws/install/fanuc_crx10ia_support/share/fanuc_crx10ia_support/package.dsv
-- Up-to-date: /home/cuk/fanuc_cuk_ws/install/fanuc_crx10ia_support/share/ament_index/resource_index/packages/fanuc_crx10ia_support
-- Up-to-date: /home/cuk/fanuc_cuk_ws/install/fanuc_crx10ia_support/share/fanuc_crx10ia_support/cmake/fanuc_crx10ia_supportConfig.cmake
-- Up-to-date: /home/cuk/fanuc_cuk_ws/install/fanuc_crx10ia_support/share/fanuc_crx10ia_support/cmake/fanuc_crx10ia_supportConfig-version.cmake
-- Up-to-date: /home/cuk/fanuc_cuk_ws/install/fanuc_crx10ia_support/share/fanuc_crx10ia_support/package.xml
