[0.010s] Invoking command in '/home/cuk/fanuc_cuk_ws/build/fanuc_crx10ia_support': CMAKE_PREFIX_PATH=/home/cuk/fanuc_cuk_ws/install/fanuc_resources:/home/cuk/fanuc_cuk_ws/install/fanuc_crx10ia_support:/opt/ros/humble /usr/bin/cmake --build /home/cuk/fanuc_cuk_ws/build/fanuc_crx10ia_support -- -j12 -l12
[0.057s] Invoked command in '/home/cuk/fanuc_cuk_ws/build/fanuc_crx10ia_support' returned '0': CMAKE_PREFIX_PATH=/home/cuk/fanuc_cuk_ws/install/fanuc_resources:/home/cuk/fanuc_cuk_ws/install/fanuc_crx10ia_support:/opt/ros/humble /usr/bin/cmake --build /home/cuk/fanuc_cuk_ws/build/fanuc_crx10ia_support -- -j12 -l12
[0.058s] Invoking command in '/home/cuk/fanuc_cuk_ws/build/fanuc_crx10ia_support': CMAKE_PREFIX_PATH=/home/cuk/fanuc_cuk_ws/install/fanuc_resources:/home/cuk/fanuc_cuk_ws/install/fanuc_crx10ia_support:/opt/ros/humble /usr/bin/cmake --install /home/cuk/fanuc_cuk_ws/build/fanuc_crx10ia_support
[0.066s] -- Install configuration: ""
[0.066s] -- Up-to-date: /home/cuk/fanuc_cuk_ws/install/fanuc_crx10ia_support/share/fanuc_crx10ia_support//urdf
[0.066s] -- Up-to-date: /home/cuk/fanuc_cuk_ws/install/fanuc_crx10ia_support/share/fanuc_crx10ia_support//urdf/crx10ial_macro.xacro
[0.067s] -- Up-to-date: /home/cuk/fanuc_cuk_ws/install/fanuc_crx10ia_support/share/fanuc_crx10ia_support//urdf/crx10ial.ros2_control.xacro
[0.067s] -- Up-to-date: /home/cuk/fanuc_cuk_ws/install/fanuc_crx10ia_support/share/fanuc_crx10ia_support//urdf/crx10ial.xacro
[0.067s] -- Up-to-date: /home/cuk/fanuc_cuk_ws/install/fanuc_crx10ia_support/share/fanuc_crx10ia_support//meshes
[0.067s] -- Up-to-date: /home/cuk/fanuc_cuk_ws/install/fanuc_crx10ia_support/share/fanuc_crx10ia_support//meshes/crx10ial
[0.067s] -- Up-to-date: /home/cuk/fanuc_cuk_ws/install/fanuc_crx10ia_support/share/fanuc_crx10ia_support//meshes/crx10ial/collision
[0.067s] -- Up-to-date: /home/cuk/fanuc_cuk_ws/install/fanuc_crx10ia_support/share/fanuc_crx10ia_support//meshes/crx10ial/collision/link_3.stl
[0.067s] -- Up-to-date: /home/cuk/fanuc_cuk_ws/install/fanuc_crx10ia_support/share/fanuc_crx10ia_support//meshes/crx10ial/collision/link_4.stl
[0.067s] -- Up-to-date: /home/cuk/fanuc_cuk_ws/install/fanuc_crx10ia_support/share/fanuc_crx10ia_support//meshes/crx10ial/collision/link_6.stl
[0.067s] -- Up-to-date: /home/cuk/fanuc_cuk_ws/install/fanuc_crx10ia_support/share/fanuc_crx10ia_support//meshes/crx10ial/collision/link_5.stl
[0.067s] -- Up-to-date: /home/cuk/fanuc_cuk_ws/install/fanuc_crx10ia_support/share/fanuc_crx10ia_support//meshes/crx10ial/collision/base_link.stl
[0.067s] -- Up-to-date: /home/cuk/fanuc_cuk_ws/install/fanuc_crx10ia_support/share/fanuc_crx10ia_support//meshes/crx10ial/collision/link_1.stl
[0.067s] -- Up-to-date: /home/cuk/fanuc_cuk_ws/install/fanuc_crx10ia_support/share/fanuc_crx10ia_support//meshes/crx10ial/collision/link_2.stl
[0.067s] -- Up-to-date: /home/cuk/fanuc_cuk_ws/install/fanuc_crx10ia_support/share/fanuc_crx10ia_support//meshes/crx10ial/visual
[0.067s] -- Up-to-date: /home/cuk/fanuc_cuk_ws/install/fanuc_crx10ia_support/share/fanuc_crx10ia_support//meshes/crx10ial/visual/link_3.stl
[0.067s] -- Up-to-date: /home/cuk/fanuc_cuk_ws/install/fanuc_crx10ia_support/share/fanuc_crx10ia_support//meshes/crx10ial/visual/link_4.stl
[0.067s] -- Up-to-date: /home/cuk/fanuc_cuk_ws/install/fanuc_crx10ia_support/share/fanuc_crx10ia_support//meshes/crx10ial/visual/link_6.stl
[0.068s] -- Up-to-date: /home/cuk/fanuc_cuk_ws/install/fanuc_crx10ia_support/share/fanuc_crx10ia_support//meshes/crx10ial/visual/link_5.stl
[0.068s] -- Up-to-date: /home/cuk/fanuc_cuk_ws/install/fanuc_crx10ia_support/share/fanuc_crx10ia_support//meshes/crx10ial/visual/base_link.stl
[0.068s] -- Up-to-date: /home/cuk/fanuc_cuk_ws/install/fanuc_crx10ia_support/share/fanuc_crx10ia_support//meshes/crx10ial/visual/link_1.stl
[0.068s] -- Up-to-date: /home/cuk/fanuc_cuk_ws/install/fanuc_crx10ia_support/share/fanuc_crx10ia_support//meshes/crx10ial/visual/link_2.stl
[0.068s] -- Up-to-date: /home/cuk/fanuc_cuk_ws/install/fanuc_crx10ia_support/share/fanuc_crx10ia_support/config
[0.068s] -- Up-to-date: /home/cuk/fanuc_cuk_ws/install/fanuc_crx10ia_support/share/fanuc_crx10ia_support/config/controllers.yaml
[0.068s] -- Up-to-date: /home/cuk/fanuc_cuk_ws/install/fanuc_crx10ia_support/share/fanuc_crx10ia_support/launch
[0.068s] -- Up-to-date: /home/cuk/fanuc_cuk_ws/install/fanuc_crx10ia_support/share/fanuc_crx10ia_support/launch/display.launch.py
[0.068s] -- Up-to-date: /home/cuk/fanuc_cuk_ws/install/fanuc_crx10ia_support/share/fanuc_crx10ia_support/launch/publish_joint_trajectory.py
[0.068s] -- Up-to-date: /home/cuk/fanuc_cuk_ws/install/fanuc_crx10ia_support/share/fanuc_crx10ia_support/launch/publish_joint_positions.launch.py
[0.068s] -- Installing: /home/cuk/fanuc_cuk_ws/install/fanuc_crx10ia_support/share/fanuc_crx10ia_support/launch/ros2_control.launch.py
[0.068s] -- Up-to-date: /home/cuk/fanuc_cuk_ws/install/fanuc_crx10ia_support/share/fanuc_crx10ia_support/launch/publish_joint_positions.py
[0.068s] -- Up-to-date: /home/cuk/fanuc_cuk_ws/install/fanuc_crx10ia_support/share/fanuc_crx10ia_support/launch/publish_joint_trajectory.launch.py
[0.068s] -- Up-to-date: /home/cuk/fanuc_cuk_ws/install/fanuc_crx10ia_support/lib/fanuc_crx10ia_support/publish_joint_positions.py
[0.068s] -- Up-to-date: /home/cuk/fanuc_cuk_ws/install/fanuc_crx10ia_support/lib/fanuc_crx10ia_support/publish_joint_trajectory.py
[0.068s] -- Up-to-date: /home/cuk/fanuc_cuk_ws/install/fanuc_crx10ia_support/share/ament_index/resource_index/package_run_dependencies/fanuc_crx10ia_support
[0.068s] -- Up-to-date: /home/cuk/fanuc_cuk_ws/install/fanuc_crx10ia_support/share/ament_index/resource_index/parent_prefix_path/fanuc_crx10ia_support
[0.068s] -- Up-to-date: /home/cuk/fanuc_cuk_ws/install/fanuc_crx10ia_support/share/fanuc_crx10ia_support/environment/ament_prefix_path.sh
[0.068s] -- Up-to-date: /home/cuk/fanuc_cuk_ws/install/fanuc_crx10ia_support/share/fanuc_crx10ia_support/environment/ament_prefix_path.dsv
[0.068s] -- Up-to-date: /home/cuk/fanuc_cuk_ws/install/fanuc_crx10ia_support/share/fanuc_crx10ia_support/environment/path.sh
[0.068s] -- Up-to-date: /home/cuk/fanuc_cuk_ws/install/fanuc_crx10ia_support/share/fanuc_crx10ia_support/environment/path.dsv
[0.069s] -- Up-to-date: /home/cuk/fanuc_cuk_ws/install/fanuc_crx10ia_support/share/fanuc_crx10ia_support/local_setup.bash
[0.069s] -- Up-to-date: /home/cuk/fanuc_cuk_ws/install/fanuc_crx10ia_support/share/fanuc_crx10ia_support/local_setup.sh
[0.069s] -- Up-to-date: /home/cuk/fanuc_cuk_ws/install/fanuc_crx10ia_support/share/fanuc_crx10ia_support/local_setup.zsh
[0.069s] -- Up-to-date: /home/cuk/fanuc_cuk_ws/install/fanuc_crx10ia_support/share/fanuc_crx10ia_support/local_setup.dsv
[0.069s] -- Installing: /home/cuk/fanuc_cuk_ws/install/fanuc_crx10ia_support/share/fanuc_crx10ia_support/package.dsv
[0.069s] -- Up-to-date: /home/cuk/fanuc_cuk_ws/install/fanuc_crx10ia_support/share/ament_index/resource_index/packages/fanuc_crx10ia_support
[0.069s] -- Up-to-date: /home/cuk/fanuc_cuk_ws/install/fanuc_crx10ia_support/share/fanuc_crx10ia_support/cmake/fanuc_crx10ia_supportConfig.cmake
[0.069s] -- Up-to-date: /home/cuk/fanuc_cuk_ws/install/fanuc_crx10ia_support/share/fanuc_crx10ia_support/cmake/fanuc_crx10ia_supportConfig-version.cmake
[0.069s] -- Up-to-date: /home/cuk/fanuc_cuk_ws/install/fanuc_crx10ia_support/share/fanuc_crx10ia_support/package.xml
[0.070s] Invoked command in '/home/cuk/fanuc_cuk_ws/build/fanuc_crx10ia_support' returned '0': CMAKE_PREFIX_PATH=/home/cuk/fanuc_cuk_ws/install/fanuc_resources:/home/cuk/fanuc_cuk_ws/install/fanuc_crx10ia_support:/opt/ros/humble /usr/bin/cmake --install /home/cuk/fanuc_cuk_ws/build/fanuc_crx10ia_support
