[0.133s] DEBUG:colcon:Command line arguments: ['/usr/bin/colcon', 'build', '--packages-select', 'fanuc_resources']
[0.133s] DEBUG:colcon:Parsed command line arguments: Namespace(log_base=None, log_level=None, verb_name='build', build_base='build', install_base='install', merge_install=False, symlink_install=False, test_result_base=None, continue_on_error=False, executor='parallel', parallel_workers=12, event_handlers=None, ignore_user_meta=False, metas=['./colcon.meta'], base_paths=['.'], packages_ignore=None, packages_ignore_regex=None, paths=None, packages_up_to=None, packages_up_to_regex=None, packages_above=None, packages_above_and_dependencies=None, packages_above_depth=None, packages_select_by_dep=None, packages_skip_by_dep=None, packages_skip_up_to=None, packages_select_build_failed=False, packages_skip_build_finished=False, packages_select_test_failures=False, packages_skip_test_passed=False, packages_select=['fanuc_resources'], packages_skip=None, packages_select_regex=None, packages_skip_regex=None, packages_start=None, packages_end=None, allow_overriding=[], cmake_args=None, cmake_target=None, cmake_target_skip_unavailable=False, cmake_clean_cache=False, cmake_clean_first=False, cmake_force_configure=False, ament_cmake_args=None, catkin_cmake_args=None, catkin_skip_building_tests=False, verb_parser=<colcon_defaults.argument_parser.defaults.DefaultArgumentsDecorator object at 0x748899b65090>, verb_extension=<colcon_core.verb.build.BuildVerb object at 0x748899b644f0>, main=<bound method BuildVerb.main of <colcon_core.verb.build.BuildVerb object at 0x748899b644f0>>)
[0.375s] Level 1:colcon.colcon_core.package_discovery:discover_packages(colcon_meta) check parameters
[0.375s] Level 1:colcon.colcon_core.package_discovery:discover_packages(recursive) check parameters
[0.375s] Level 1:colcon.colcon_core.package_discovery:discover_packages(ignore) check parameters
[0.375s] Level 1:colcon.colcon_core.package_discovery:discover_packages(path) check parameters
[0.375s] Level 1:colcon.colcon_core.package_discovery:discover_packages(colcon_meta) discover
[0.375s] Level 1:colcon.colcon_core.package_discovery:discover_packages(recursive) discover
[0.376s] INFO:colcon.colcon_core.package_discovery:Crawling recursively for packages in '/home/cuk/fanuc_cuk_ws'
[0.376s] Level 1:colcon.colcon_core.package_identification:_identify(.) by extensions ['ignore', 'ignore_ament_install']
[0.376s] Level 1:colcon.colcon_core.package_identification:_identify(.) by extension 'ignore'
[0.376s] Level 1:colcon.colcon_core.package_identification:_identify(.) by extension 'ignore_ament_install'
[0.376s] Level 1:colcon.colcon_core.package_identification:_identify(.) by extensions ['colcon_pkg']
[0.376s] Level 1:colcon.colcon_core.package_identification:_identify(.) by extension 'colcon_pkg'
[0.376s] Level 1:colcon.colcon_core.package_identification:_identify(.) by extensions ['colcon_meta']
[0.376s] Level 1:colcon.colcon_core.package_identification:_identify(.) by extension 'colcon_meta'
[0.376s] Level 1:colcon.colcon_core.package_identification:_identify(.) by extensions ['ros']
[0.376s] Level 1:colcon.colcon_core.package_identification:_identify(.) by extension 'ros'
[0.431s] Level 1:colcon.colcon_core.package_identification:_identify(.) by extensions ['cmake', 'python']
[0.431s] Level 1:colcon.colcon_core.package_identification:_identify(.) by extension 'cmake'
[0.431s] Level 1:colcon.colcon_core.package_identification:_identify(.) by extension 'python'
[0.432s] Level 1:colcon.colcon_core.package_identification:_identify(.) by extensions ['python_setup_py']
[0.432s] Level 1:colcon.colcon_core.package_identification:_identify(.) by extension 'python_setup_py'
[0.432s] Level 1:colcon.colcon_core.package_identification:_identify(build) by extensions ['ignore', 'ignore_ament_install']
[0.432s] Level 1:colcon.colcon_core.package_identification:_identify(build) by extension 'ignore'
[0.432s] Level 1:colcon.colcon_core.package_identification:_identify(build) ignored
[0.432s] Level 1:colcon.colcon_core.package_identification:_identify(fanuc_crx10ia_support) by extensions ['ignore', 'ignore_ament_install']
[0.432s] Level 1:colcon.colcon_core.package_identification:_identify(fanuc_crx10ia_support) by extension 'ignore'
[0.432s] Level 1:colcon.colcon_core.package_identification:_identify(fanuc_crx10ia_support) by extension 'ignore_ament_install'
[0.432s] Level 1:colcon.colcon_core.package_identification:_identify(fanuc_crx10ia_support) by extensions ['colcon_pkg']
[0.432s] Level 1:colcon.colcon_core.package_identification:_identify(fanuc_crx10ia_support) by extension 'colcon_pkg'
[0.432s] Level 1:colcon.colcon_core.package_identification:_identify(fanuc_crx10ia_support) by extensions ['colcon_meta']
[0.432s] Level 1:colcon.colcon_core.package_identification:_identify(fanuc_crx10ia_support) by extension 'colcon_meta'
[0.432s] Level 1:colcon.colcon_core.package_identification:_identify(fanuc_crx10ia_support) by extensions ['ros']
[0.432s] Level 1:colcon.colcon_core.package_identification:_identify(fanuc_crx10ia_support) by extension 'ros'
[0.436s] DEBUG:colcon.colcon_core.package_identification:Package 'fanuc_crx10ia_support' with type 'ros.ament_cmake' and name 'fanuc_crx10ia_support'
[0.437s] Level 1:colcon.colcon_core.package_identification:_identify(fanuc_resources) by extensions ['ignore', 'ignore_ament_install']
[0.437s] Level 1:colcon.colcon_core.package_identification:_identify(fanuc_resources) by extension 'ignore'
[0.437s] Level 1:colcon.colcon_core.package_identification:_identify(fanuc_resources) by extension 'ignore_ament_install'
[0.437s] Level 1:colcon.colcon_core.package_identification:_identify(fanuc_resources) by extensions ['colcon_pkg']
[0.437s] Level 1:colcon.colcon_core.package_identification:_identify(fanuc_resources) by extension 'colcon_pkg'
[0.437s] Level 1:colcon.colcon_core.package_identification:_identify(fanuc_resources) by extensions ['colcon_meta']
[0.437s] Level 1:colcon.colcon_core.package_identification:_identify(fanuc_resources) by extension 'colcon_meta'
[0.437s] Level 1:colcon.colcon_core.package_identification:_identify(fanuc_resources) by extensions ['ros']
[0.437s] Level 1:colcon.colcon_core.package_identification:_identify(fanuc_resources) by extension 'ros'
[0.438s] DEBUG:colcon.colcon_core.package_identification:Package 'fanuc_resources' with type 'ros.ament_cmake' and name 'fanuc_resources'
[0.438s] Level 1:colcon.colcon_core.package_identification:_identify(install) by extensions ['ignore', 'ignore_ament_install']
[0.438s] Level 1:colcon.colcon_core.package_identification:_identify(install) by extension 'ignore'
[0.438s] Level 1:colcon.colcon_core.package_identification:_identify(install) ignored
[0.438s] Level 1:colcon.colcon_core.package_identification:_identify(log) by extensions ['ignore', 'ignore_ament_install']
[0.438s] Level 1:colcon.colcon_core.package_identification:_identify(log) by extension 'ignore'
[0.438s] Level 1:colcon.colcon_core.package_identification:_identify(log) ignored
[0.438s] Level 1:colcon.colcon_core.package_discovery:discover_packages(recursive) using defaults
[0.438s] Level 1:colcon.colcon_core.package_discovery:discover_packages(ignore) discover
[0.438s] Level 1:colcon.colcon_core.package_discovery:discover_packages(ignore) using defaults
[0.438s] Level 1:colcon.colcon_core.package_discovery:discover_packages(path) discover
[0.438s] Level 1:colcon.colcon_core.package_discovery:discover_packages(path) using defaults
[0.462s] INFO:colcon.colcon_core.package_selection:Skipping not selected package 'fanuc_crx10ia_support' in 'fanuc_crx10ia_support'
[0.463s] Level 1:colcon.colcon_core.package_discovery:discover_packages(prefix_path) check parameters
[0.463s] Level 1:colcon.colcon_core.package_discovery:discover_packages(prefix_path) discover
[0.467s] DEBUG:colcon.colcon_installed_package_information.package_discovery:Found 405 installed packages in /opt/ros/humble
[0.469s] Level 1:colcon.colcon_core.package_discovery:discover_packages(prefix_path) using defaults
[0.532s] Level 5:colcon.colcon_core.verb:set package 'fanuc_resources' build argument 'cmake_args' from command line to 'None'
[0.532s] Level 5:colcon.colcon_core.verb:set package 'fanuc_resources' build argument 'cmake_target' from command line to 'None'
[0.532s] Level 5:colcon.colcon_core.verb:set package 'fanuc_resources' build argument 'cmake_target_skip_unavailable' from command line to 'False'
[0.532s] Level 5:colcon.colcon_core.verb:set package 'fanuc_resources' build argument 'cmake_clean_cache' from command line to 'False'
[0.533s] Level 5:colcon.colcon_core.verb:set package 'fanuc_resources' build argument 'cmake_clean_first' from command line to 'False'
[0.533s] Level 5:colcon.colcon_core.verb:set package 'fanuc_resources' build argument 'cmake_force_configure' from command line to 'False'
[0.533s] Level 5:colcon.colcon_core.verb:set package 'fanuc_resources' build argument 'ament_cmake_args' from command line to 'None'
[0.533s] Level 5:colcon.colcon_core.verb:set package 'fanuc_resources' build argument 'catkin_cmake_args' from command line to 'None'
[0.533s] Level 5:colcon.colcon_core.verb:set package 'fanuc_resources' build argument 'catkin_skip_building_tests' from command line to 'False'
[0.533s] DEBUG:colcon.colcon_core.verb:Building package 'fanuc_resources' with the following arguments: {'ament_cmake_args': None, 'build_base': '/home/cuk/fanuc_cuk_ws/build/fanuc_resources', 'catkin_cmake_args': None, 'catkin_skip_building_tests': False, 'cmake_args': None, 'cmake_clean_cache': False, 'cmake_clean_first': False, 'cmake_force_configure': False, 'cmake_target': None, 'cmake_target_skip_unavailable': False, 'install_base': '/home/cuk/fanuc_cuk_ws/install/fanuc_resources', 'merge_install': False, 'path': '/home/cuk/fanuc_cuk_ws/fanuc_resources', 'symlink_install': False, 'test_result_base': None}
[0.533s] INFO:colcon.colcon_core.executor:Executing jobs using 'parallel' executor
[0.535s] DEBUG:colcon.colcon_parallel_executor.executor.parallel:run_until_complete
[0.536s] INFO:colcon.colcon_ros.task.ament_cmake.build:Building ROS package in '/home/cuk/fanuc_cuk_ws/fanuc_resources' with build type 'ament_cmake'
[0.536s] INFO:colcon.colcon_cmake.task.cmake.build:Building CMake package in '/home/cuk/fanuc_cuk_ws/fanuc_resources'
[0.539s] INFO:colcon.colcon_core.plugin_system:Skipping extension 'colcon_core.shell.bat': Not used on non-Windows systems
[0.539s] INFO:colcon.colcon_core.shell:Skip shell extension 'powershell' for command environment: Not usable outside of PowerShell
[0.539s] DEBUG:colcon.colcon_core.shell:Skip shell extension 'dsv' for command environment
[0.566s] DEBUG:colcon.colcon_core.event_handler.log_command:Invoking command in '/home/cuk/fanuc_cuk_ws/build/fanuc_resources': CMAKE_PREFIX_PATH=/opt/ros/humble /usr/bin/cmake /home/cuk/fanuc_cuk_ws/fanuc_resources -DCMAKE_INSTALL_PREFIX=/home/cuk/fanuc_cuk_ws/install/fanuc_resources
[1.601s] DEBUG:colcon.colcon_core.event_handler.log_command:Invoked command in '/home/cuk/fanuc_cuk_ws/build/fanuc_resources' returned '0': CMAKE_PREFIX_PATH=/opt/ros/humble /usr/bin/cmake /home/cuk/fanuc_cuk_ws/fanuc_resources -DCMAKE_INSTALL_PREFIX=/home/cuk/fanuc_cuk_ws/install/fanuc_resources
[1.605s] DEBUG:colcon.colcon_core.event_handler.log_command:Invoking command in '/home/cuk/fanuc_cuk_ws/build/fanuc_resources': CMAKE_PREFIX_PATH=/opt/ros/humble /usr/bin/cmake --build /home/cuk/fanuc_cuk_ws/build/fanuc_resources -- -j12 -l12
[1.672s] DEBUG:colcon.colcon_core.event_handler.log_command:Invoked command in '/home/cuk/fanuc_cuk_ws/build/fanuc_resources' returned '0': CMAKE_PREFIX_PATH=/opt/ros/humble /usr/bin/cmake --build /home/cuk/fanuc_cuk_ws/build/fanuc_resources -- -j12 -l12
[1.690s] DEBUG:colcon.colcon_core.event_handler.log_command:Invoking command in '/home/cuk/fanuc_cuk_ws/build/fanuc_resources': CMAKE_PREFIX_PATH=/opt/ros/humble /usr/bin/cmake --install /home/cuk/fanuc_cuk_ws/build/fanuc_resources
[1.708s] Level 1:colcon.colcon_core.environment:create_environment_scripts_only(fanuc_resources)
[1.709s] DEBUG:colcon.colcon_core.event_handler.log_command:Invoked command in '/home/cuk/fanuc_cuk_ws/build/fanuc_resources' returned '0': CMAKE_PREFIX_PATH=/opt/ros/humble /usr/bin/cmake --install /home/cuk/fanuc_cuk_ws/build/fanuc_resources
[1.711s] Level 1:colcon.colcon_core.environment:checking '/home/cuk/fanuc_cuk_ws/install/fanuc_resources' for CMake module files
[1.712s] Level 1:colcon.colcon_core.environment:checking '/home/cuk/fanuc_cuk_ws/install/fanuc_resources' for CMake config files
[1.712s] Level 1:colcon.colcon_core.shell:create_environment_hook('fanuc_resources', 'cmake_prefix_path')
[1.712s] INFO:colcon.colcon_core.shell:Creating environment hook '/home/cuk/fanuc_cuk_ws/install/fanuc_resources/share/fanuc_resources/hook/cmake_prefix_path.ps1'
[1.714s] INFO:colcon.colcon_core.shell:Creating environment descriptor '/home/cuk/fanuc_cuk_ws/install/fanuc_resources/share/fanuc_resources/hook/cmake_prefix_path.dsv'
[1.715s] INFO:colcon.colcon_core.shell:Creating environment hook '/home/cuk/fanuc_cuk_ws/install/fanuc_resources/share/fanuc_resources/hook/cmake_prefix_path.sh'
[1.716s] Level 1:colcon.colcon_core.environment:checking '/home/cuk/fanuc_cuk_ws/install/fanuc_resources/bin'
[1.716s] Level 1:colcon.colcon_core.environment:checking '/home/cuk/fanuc_cuk_ws/install/fanuc_resources/lib/pkgconfig/fanuc_resources.pc'
[1.716s] Level 1:colcon.colcon_core.environment:checking '/home/cuk/fanuc_cuk_ws/install/fanuc_resources/lib/python3.10/site-packages'
[1.717s] Level 1:colcon.colcon_core.environment:checking '/home/cuk/fanuc_cuk_ws/install/fanuc_resources/bin'
[1.717s] INFO:colcon.colcon_core.shell:Creating package script '/home/cuk/fanuc_cuk_ws/install/fanuc_resources/share/fanuc_resources/package.ps1'
[1.718s] INFO:colcon.colcon_core.shell:Creating package descriptor '/home/cuk/fanuc_cuk_ws/install/fanuc_resources/share/fanuc_resources/package.dsv'
[1.719s] INFO:colcon.colcon_core.shell:Creating package script '/home/cuk/fanuc_cuk_ws/install/fanuc_resources/share/fanuc_resources/package.sh'
[1.719s] INFO:colcon.colcon_core.shell:Creating package script '/home/cuk/fanuc_cuk_ws/install/fanuc_resources/share/fanuc_resources/package.bash'
[1.720s] INFO:colcon.colcon_core.shell:Creating package script '/home/cuk/fanuc_cuk_ws/install/fanuc_resources/share/fanuc_resources/package.zsh'
[1.721s] Level 1:colcon.colcon_core.environment:create_file_with_runtime_dependencies(/home/cuk/fanuc_cuk_ws/install/fanuc_resources/share/colcon-core/packages/fanuc_resources)
[1.722s] Level 1:colcon.colcon_core.environment:create_environment_scripts_only(fanuc_resources)
[1.722s] Level 1:colcon.colcon_core.environment:checking '/home/cuk/fanuc_cuk_ws/install/fanuc_resources' for CMake module files
[1.722s] Level 1:colcon.colcon_core.environment:checking '/home/cuk/fanuc_cuk_ws/install/fanuc_resources' for CMake config files
[1.723s] Level 1:colcon.colcon_core.shell:create_environment_hook('fanuc_resources', 'cmake_prefix_path')
[1.723s] INFO:colcon.colcon_core.shell:Creating environment hook '/home/cuk/fanuc_cuk_ws/install/fanuc_resources/share/fanuc_resources/hook/cmake_prefix_path.ps1'
[1.723s] INFO:colcon.colcon_core.shell:Creating environment descriptor '/home/cuk/fanuc_cuk_ws/install/fanuc_resources/share/fanuc_resources/hook/cmake_prefix_path.dsv'
[1.724s] INFO:colcon.colcon_core.shell:Creating environment hook '/home/cuk/fanuc_cuk_ws/install/fanuc_resources/share/fanuc_resources/hook/cmake_prefix_path.sh'
[1.724s] Level 1:colcon.colcon_core.environment:checking '/home/cuk/fanuc_cuk_ws/install/fanuc_resources/bin'
[1.725s] Level 1:colcon.colcon_core.environment:checking '/home/cuk/fanuc_cuk_ws/install/fanuc_resources/lib/pkgconfig/fanuc_resources.pc'
[1.725s] Level 1:colcon.colcon_core.environment:checking '/home/cuk/fanuc_cuk_ws/install/fanuc_resources/lib/python3.10/site-packages'
[1.725s] Level 1:colcon.colcon_core.environment:checking '/home/cuk/fanuc_cuk_ws/install/fanuc_resources/bin'
[1.726s] INFO:colcon.colcon_core.shell:Creating package script '/home/cuk/fanuc_cuk_ws/install/fanuc_resources/share/fanuc_resources/package.ps1'
[1.726s] INFO:colcon.colcon_core.shell:Creating package descriptor '/home/cuk/fanuc_cuk_ws/install/fanuc_resources/share/fanuc_resources/package.dsv'
[1.727s] INFO:colcon.colcon_core.shell:Creating package script '/home/cuk/fanuc_cuk_ws/install/fanuc_resources/share/fanuc_resources/package.sh'
[1.727s] INFO:colcon.colcon_core.shell:Creating package script '/home/cuk/fanuc_cuk_ws/install/fanuc_resources/share/fanuc_resources/package.bash'
[1.728s] INFO:colcon.colcon_core.shell:Creating package script '/home/cuk/fanuc_cuk_ws/install/fanuc_resources/share/fanuc_resources/package.zsh'
[1.728s] Level 1:colcon.colcon_core.environment:create_file_with_runtime_dependencies(/home/cuk/fanuc_cuk_ws/install/fanuc_resources/share/colcon-core/packages/fanuc_resources)
[1.728s] DEBUG:colcon.colcon_parallel_executor.executor.parallel:closing loop
[1.729s] DEBUG:colcon.colcon_parallel_executor.executor.parallel:loop closed
[1.729s] DEBUG:colcon.colcon_parallel_executor.executor.parallel:run_until_complete finished with '0'
[1.729s] DEBUG:colcon.colcon_core.event_reactor:joining thread
[1.736s] INFO:colcon.colcon_core.plugin_system:Skipping extension 'colcon_notification.desktop_notification.terminal_notifier': Not used on non-Darwin systems
[1.736s] INFO:colcon.colcon_core.plugin_system:Skipping extension 'colcon_notification.desktop_notification.win32': Not used on non-Windows systems
[1.737s] INFO:colcon.colcon_notification.desktop_notification:Sending desktop notification using 'notify2'
[1.754s] DEBUG:colcon.colcon_core.event_reactor:joined thread
[1.755s] INFO:colcon.colcon_core.shell:Creating prefix script '/home/cuk/fanuc_cuk_ws/install/local_setup.ps1'
[1.756s] INFO:colcon.colcon_core.shell:Creating prefix util module '/home/cuk/fanuc_cuk_ws/install/_local_setup_util_ps1.py'
[1.758s] INFO:colcon.colcon_core.shell:Creating prefix chain script '/home/cuk/fanuc_cuk_ws/install/setup.ps1'
[1.759s] INFO:colcon.colcon_core.shell:Creating prefix script '/home/cuk/fanuc_cuk_ws/install/local_setup.sh'
[1.760s] INFO:colcon.colcon_core.shell:Creating prefix util module '/home/cuk/fanuc_cuk_ws/install/_local_setup_util_sh.py'
[1.761s] INFO:colcon.colcon_core.shell:Creating prefix chain script '/home/cuk/fanuc_cuk_ws/install/setup.sh'
[1.762s] INFO:colcon.colcon_core.shell:Creating prefix script '/home/cuk/fanuc_cuk_ws/install/local_setup.bash'
[1.763s] INFO:colcon.colcon_core.shell:Creating prefix chain script '/home/cuk/fanuc_cuk_ws/install/setup.bash'
[1.764s] INFO:colcon.colcon_core.shell:Creating prefix script '/home/cuk/fanuc_cuk_ws/install/local_setup.zsh'
[1.765s] INFO:colcon.colcon_core.shell:Creating prefix chain script '/home/cuk/fanuc_cuk_ws/install/setup.zsh'
