[0.028s] Invoking command in '/home/cuk/fanuc_cuk_ws/build/fanuc_resources': CMAKE_PREFIX_PATH=/opt/ros/humble /usr/bin/cmake /home/cuk/fanuc_cuk_ws/fanuc_resources -DCMAKE_INSTALL_PREFIX=/home/cuk/fanuc_cuk_ws/install/fanuc_resources
[0.142s] -- The C compiler identification is GNU 11.4.0
[0.235s] -- The CXX compiler identification is GNU 11.4.0
[0.249s] -- Detecting C compiler ABI info
[0.370s] -- Detecting C compiler ABI info - done
[0.380s] -- Check for working C compiler: /usr/bin/cc - skipped
[0.380s] -- Detecting C compile features
[0.381s] -- Detecting C compile features - done
[0.386s] -- Detecting CXX compiler ABI info
[0.518s] -- Detecting CXX compiler ABI info - done
[0.529s] -- Check for working CXX compiler: /usr/bin/c++ - skipped
[0.529s] -- Detecting CXX compile features
[0.529s] -- Detecting CXX compile features - done
[0.540s] -- Found ament_cmake: 1.3.12 (/opt/ros/humble/share/ament_cmake/cmake)
[0.755s] -- Found Python3: /usr/bin/python3 (found version "3.10.12") found components: Interpreter 
[0.897s] -- Found ament_lint_auto: 0.12.14 (/opt/ros/humble/share/ament_lint_auto/cmake)
[1.045s] -- Added test 'lint_cmake' to check CMake code style
[1.047s] -- Added test 'xmllint' to check XML markup files
[1.049s] -- Configuring done
[1.053s] -- Generating done
[1.056s] -- Build files have been written to: /home/cuk/fanuc_cuk_ws/build/fanuc_resources
[1.064s] Invoked command in '/home/cuk/fanuc_cuk_ws/build/fanuc_resources' returned '0': CMAKE_PREFIX_PATH=/opt/ros/humble /usr/bin/cmake /home/cuk/fanuc_cuk_ws/fanuc_resources -DCMAKE_INSTALL_PREFIX=/home/cuk/fanuc_cuk_ws/install/fanuc_resources
[1.068s] Invoking command in '/home/cuk/fanuc_cuk_ws/build/fanuc_resources': CMAKE_PREFIX_PATH=/opt/ros/humble /usr/bin/cmake --build /home/cuk/fanuc_cuk_ws/build/fanuc_resources -- -j12 -l12
[1.134s] Invoked command in '/home/cuk/fanuc_cuk_ws/build/fanuc_resources' returned '0': CMAKE_PREFIX_PATH=/opt/ros/humble /usr/bin/cmake --build /home/cuk/fanuc_cuk_ws/build/fanuc_resources -- -j12 -l12
[1.153s] Invoking command in '/home/cuk/fanuc_cuk_ws/build/fanuc_resources': CMAKE_PREFIX_PATH=/opt/ros/humble /usr/bin/cmake --install /home/cuk/fanuc_cuk_ws/build/fanuc_resources
[1.164s] -- Install configuration: ""
[1.164s] -- Installing: /home/cuk/fanuc_cuk_ws/install/fanuc_resources/share/fanuc_resources//urdf
[1.164s] -- Installing: /home/cuk/fanuc_cuk_ws/install/fanuc_resources/share/fanuc_resources//urdf/common_materials.xacro
[1.164s] -- Installing: /home/cuk/fanuc_cuk_ws/install/fanuc_resources/share/fanuc_resources//urdf/common_colours.xacro
[1.165s] -- Installing: /home/cuk/fanuc_cuk_ws/install/fanuc_resources/share/ament_index/resource_index/package_run_dependencies/fanuc_resources
[1.165s] -- Installing: /home/cuk/fanuc_cuk_ws/install/fanuc_resources/share/ament_index/resource_index/parent_prefix_path/fanuc_resources
[1.165s] -- Installing: /home/cuk/fanuc_cuk_ws/install/fanuc_resources/share/fanuc_resources/environment/ament_prefix_path.sh
[1.166s] -- Installing: /home/cuk/fanuc_cuk_ws/install/fanuc_resources/share/fanuc_resources/environment/ament_prefix_path.dsv
[1.166s] -- Installing: /home/cuk/fanuc_cuk_ws/install/fanuc_resources/share/fanuc_resources/environment/path.sh
[1.166s] -- Installing: /home/cuk/fanuc_cuk_ws/install/fanuc_resources/share/fanuc_resources/environment/path.dsv
[1.166s] -- Installing: /home/cuk/fanuc_cuk_ws/install/fanuc_resources/share/fanuc_resources/local_setup.bash
[1.166s] -- Installing: /home/cuk/fanuc_cuk_ws/install/fanuc_resources/share/fanuc_resources/local_setup.sh
[1.167s] -- Installing: /home/cuk/fanuc_cuk_ws/install/fanuc_resources/share/fanuc_resources/local_setup.zsh
[1.167s] -- Installing: /home/cuk/fanuc_cuk_ws/install/fanuc_resources/share/fanuc_resources/local_setup.dsv
[1.167s] -- Installing: /home/cuk/fanuc_cuk_ws/install/fanuc_resources/share/fanuc_resources/package.dsv
[1.167s] -- Installing: /home/cuk/fanuc_cuk_ws/install/fanuc_resources/share/ament_index/resource_index/packages/fanuc_resources
[1.168s] -- Installing: /home/cuk/fanuc_cuk_ws/install/fanuc_resources/share/fanuc_resources/cmake/fanuc_resourcesConfig.cmake
[1.168s] -- Installing: /home/cuk/fanuc_cuk_ws/install/fanuc_resources/share/fanuc_resources/cmake/fanuc_resourcesConfig-version.cmake
[1.168s] -- Installing: /home/cuk/fanuc_cuk_ws/install/fanuc_resources/share/fanuc_resources/package.xml
[1.172s] Invoked command in '/home/cuk/fanuc_cuk_ws/build/fanuc_resources' returned '0': CMAKE_PREFIX_PATH=/opt/ros/humble /usr/bin/cmake --install /home/cuk/fanuc_cuk_ws/build/fanuc_resources
