[0.018s] Invoking command in '/home/cuk/fanuc_cuk_ws/build/fanuc_resources': CMAKE_PREFIX_PATH=${CMAKE_PREFIX_PATH}:/opt/ros/humble /usr/bin/cmake --build /home/cuk/fanuc_cuk_ws/build/fanuc_resources -- -j12 -l12
[0.086s] Invoked command in '/home/cuk/fanuc_cuk_ws/build/fanuc_resources' returned '0': CMAKE_PREFIX_PATH=${CMAKE_PREFIX_PATH}:/opt/ros/humble /usr/bin/cmake --build /home/cuk/fanuc_cuk_ws/build/fanuc_resources -- -j12 -l12
[0.105s] Invoking command in '/home/cuk/fanuc_cuk_ws/build/fanuc_resources': CMAKE_PREFIX_PATH=${CMAKE_PREFIX_PATH}:/opt/ros/humble /usr/bin/cmake --install /home/cuk/fanuc_cuk_ws/build/fanuc_resources
[0.116s] -- Install configuration: ""
[0.117s] -- Up-to-date: /home/cuk/fanuc_cuk_ws/install/fanuc_resources/share/fanuc_resources//urdf
[0.117s] -- Up-to-date: /home/cuk/fanuc_cuk_ws/install/fanuc_resources/share/fanuc_resources//urdf/common_materials.xacro
[0.117s] -- Up-to-date: /home/cuk/fanuc_cuk_ws/install/fanuc_resources/share/fanuc_resources//urdf/common_colours.xacro
[0.117s] -- Up-to-date: /home/cuk/fanuc_cuk_ws/install/fanuc_resources/share/ament_index/resource_index/package_run_dependencies/fanuc_resources
[0.117s] -- Up-to-date: /home/cuk/fanuc_cuk_ws/install/fanuc_resources/share/ament_index/resource_index/parent_prefix_path/fanuc_resources
[0.118s] -- Up-to-date: /home/cuk/fanuc_cuk_ws/install/fanuc_resources/share/fanuc_resources/environment/ament_prefix_path.sh
[0.118s] -- Up-to-date: /home/cuk/fanuc_cuk_ws/install/fanuc_resources/share/fanuc_resources/environment/ament_prefix_path.dsv
[0.118s] -- Up-to-date: /home/cuk/fanuc_cuk_ws/install/fanuc_resources/share/fanuc_resources/environment/path.sh
[0.118s] -- Up-to-date: /home/cuk/fanuc_cuk_ws/install/fanuc_resources/share/fanuc_resources/environment/path.dsv
[0.118s] -- Up-to-date: /home/cuk/fanuc_cuk_ws/install/fanuc_resources/share/fanuc_resources/local_setup.bash
[0.118s] -- Up-to-date: /home/cuk/fanuc_cuk_ws/install/fanuc_resources/share/fanuc_resources/local_setup.sh
[0.118s] -- Up-to-date: /home/cuk/fanuc_cuk_ws/install/fanuc_resources/share/fanuc_resources/local_setup.zsh
[0.118s] -- Up-to-date: /home/cuk/fanuc_cuk_ws/install/fanuc_resources/share/fanuc_resources/local_setup.dsv
[0.119s] -- Installing: /home/cuk/fanuc_cuk_ws/install/fanuc_resources/share/fanuc_resources/package.dsv
[0.119s] -- Up-to-date: /home/cuk/fanuc_cuk_ws/install/fanuc_resources/share/ament_index/resource_index/packages/fanuc_resources
[0.119s] -- Up-to-date: /home/cuk/fanuc_cuk_ws/install/fanuc_resources/share/fanuc_resources/cmake/fanuc_resourcesConfig.cmake
[0.119s] -- Up-to-date: /home/cuk/fanuc_cuk_ws/install/fanuc_resources/share/fanuc_resources/cmake/fanuc_resourcesConfig-version.cmake
[0.119s] -- Up-to-date: /home/cuk/fanuc_cuk_ws/install/fanuc_resources/share/fanuc_resources/package.xml
[0.121s] Invoked command in '/home/cuk/fanuc_cuk_ws/build/fanuc_resources' returned '0': CMAKE_PREFIX_PATH=${CMAKE_PREFIX_PATH}:/opt/ros/humble /usr/bin/cmake --install /home/cuk/fanuc_cuk_ws/build/fanuc_resources
