[0.133s] DEBUG:colcon:Command line arguments: ['/usr/bin/colcon', 'build', '--packages-select', 'fanuc_crx10ia_support']
[0.133s] DEBUG:colcon:Parsed command line arguments: Namespace(log_base=None, log_level=None, verb_name='build', build_base='build', install_base='install', merge_install=False, symlink_install=False, test_result_base=None, continue_on_error=False, executor='parallel', parallel_workers=12, event_handlers=None, ignore_user_meta=False, metas=['./colcon.meta'], base_paths=['.'], packages_ignore=None, packages_ignore_regex=None, paths=None, packages_up_to=None, packages_up_to_regex=None, packages_above=None, packages_above_and_dependencies=None, packages_above_depth=None, packages_select_by_dep=None, packages_skip_by_dep=None, packages_skip_up_to=None, packages_select_build_failed=False, packages_skip_build_finished=False, packages_select_test_failures=False, packages_skip_test_passed=False, packages_select=['fanuc_crx10ia_support'], packages_skip=None, packages_select_regex=None, packages_skip_regex=None, packages_start=None, packages_end=None, allow_overriding=[], cmake_args=None, cmake_target=None, cmake_target_skip_unavailable=False, cmake_clean_cache=False, cmake_clean_first=False, cmake_force_configure=False, ament_cmake_args=None, catkin_cmake_args=None, catkin_skip_building_tests=False, verb_parser=<colcon_defaults.argument_parser.defaults.DefaultArgumentsDecorator object at 0x72cd42b65060>, verb_extension=<colcon_core.verb.build.BuildVerb object at 0x72cd42b644c0>, main=<bound method BuildVerb.main of <colcon_core.verb.build.BuildVerb object at 0x72cd42b644c0>>)
[0.375s] Level 1:colcon.colcon_core.package_discovery:discover_packages(colcon_meta) check parameters
[0.375s] Level 1:colcon.colcon_core.package_discovery:discover_packages(recursive) check parameters
[0.375s] Level 1:colcon.colcon_core.package_discovery:discover_packages(ignore) check parameters
[0.375s] Level 1:colcon.colcon_core.package_discovery:discover_packages(path) check parameters
[0.375s] Level 1:colcon.colcon_core.package_discovery:discover_packages(colcon_meta) discover
[0.375s] Level 1:colcon.colcon_core.package_discovery:discover_packages(recursive) discover
[0.375s] INFO:colcon.colcon_core.package_discovery:Crawling recursively for packages in '/home/cuk/fanuc_cuk_ws'
[0.386s] Level 1:colcon.colcon_core.package_identification:_identify(.) by extensions ['ignore', 'ignore_ament_install']
[0.386s] Level 1:colcon.colcon_core.package_identification:_identify(.) by extension 'ignore'
[0.387s] Level 1:colcon.colcon_core.package_identification:_identify(.) by extension 'ignore_ament_install'
[0.387s] Level 1:colcon.colcon_core.package_identification:_identify(.) by extensions ['colcon_pkg']
[0.387s] Level 1:colcon.colcon_core.package_identification:_identify(.) by extension 'colcon_pkg'
[0.387s] Level 1:colcon.colcon_core.package_identification:_identify(.) by extensions ['colcon_meta']
[0.387s] Level 1:colcon.colcon_core.package_identification:_identify(.) by extension 'colcon_meta'
[0.387s] Level 1:colcon.colcon_core.package_identification:_identify(.) by extensions ['ros']
[0.387s] Level 1:colcon.colcon_core.package_identification:_identify(.) by extension 'ros'
[0.442s] Level 1:colcon.colcon_core.package_identification:_identify(.) by extensions ['cmake', 'python']
[0.443s] Level 1:colcon.colcon_core.package_identification:_identify(.) by extension 'cmake'
[0.443s] Level 1:colcon.colcon_core.package_identification:_identify(.) by extension 'python'
[0.443s] Level 1:colcon.colcon_core.package_identification:_identify(.) by extensions ['python_setup_py']
[0.443s] Level 1:colcon.colcon_core.package_identification:_identify(.) by extension 'python_setup_py'
[0.443s] Level 1:colcon.colcon_core.package_identification:_identify(build) by extensions ['ignore', 'ignore_ament_install']
[0.443s] Level 1:colcon.colcon_core.package_identification:_identify(build) by extension 'ignore'
[0.443s] Level 1:colcon.colcon_core.package_identification:_identify(build) ignored
[0.443s] Level 1:colcon.colcon_core.package_identification:_identify(fanuc_crx10ia_support) by extensions ['ignore', 'ignore_ament_install']
[0.444s] Level 1:colcon.colcon_core.package_identification:_identify(fanuc_crx10ia_support) by extension 'ignore'
[0.444s] Level 1:colcon.colcon_core.package_identification:_identify(fanuc_crx10ia_support) by extension 'ignore_ament_install'
[0.444s] Level 1:colcon.colcon_core.package_identification:_identify(fanuc_crx10ia_support) by extensions ['colcon_pkg']
[0.444s] Level 1:colcon.colcon_core.package_identification:_identify(fanuc_crx10ia_support) by extension 'colcon_pkg'
[0.444s] Level 1:colcon.colcon_core.package_identification:_identify(fanuc_crx10ia_support) by extensions ['colcon_meta']
[0.444s] Level 1:colcon.colcon_core.package_identification:_identify(fanuc_crx10ia_support) by extension 'colcon_meta'
[0.444s] Level 1:colcon.colcon_core.package_identification:_identify(fanuc_crx10ia_support) by extensions ['ros']
[0.444s] Level 1:colcon.colcon_core.package_identification:_identify(fanuc_crx10ia_support) by extension 'ros'
[0.448s] DEBUG:colcon.colcon_core.package_identification:Package 'fanuc_crx10ia_support' with type 'ros.ament_cmake' and name 'fanuc_crx10ia_support'
[0.448s] Level 1:colcon.colcon_core.package_identification:_identify(fanuc_resources) by extensions ['ignore', 'ignore_ament_install']
[0.448s] Level 1:colcon.colcon_core.package_identification:_identify(fanuc_resources) by extension 'ignore'
[0.448s] Level 1:colcon.colcon_core.package_identification:_identify(fanuc_resources) by extension 'ignore_ament_install'
[0.448s] Level 1:colcon.colcon_core.package_identification:_identify(fanuc_resources) by extensions ['colcon_pkg']
[0.448s] Level 1:colcon.colcon_core.package_identification:_identify(fanuc_resources) by extension 'colcon_pkg'
[0.448s] Level 1:colcon.colcon_core.package_identification:_identify(fanuc_resources) by extensions ['colcon_meta']
[0.448s] Level 1:colcon.colcon_core.package_identification:_identify(fanuc_resources) by extension 'colcon_meta'
[0.449s] Level 1:colcon.colcon_core.package_identification:_identify(fanuc_resources) by extensions ['ros']
[0.449s] Level 1:colcon.colcon_core.package_identification:_identify(fanuc_resources) by extension 'ros'
[0.449s] DEBUG:colcon.colcon_core.package_identification:Package 'fanuc_resources' with type 'ros.ament_cmake' and name 'fanuc_resources'
[0.449s] Level 1:colcon.colcon_core.package_identification:_identify(install) by extensions ['ignore', 'ignore_ament_install']
[0.449s] Level 1:colcon.colcon_core.package_identification:_identify(install) by extension 'ignore'
[0.449s] Level 1:colcon.colcon_core.package_identification:_identify(install) ignored
[0.450s] Level 1:colcon.colcon_core.package_identification:_identify(log) by extensions ['ignore', 'ignore_ament_install']
[0.450s] Level 1:colcon.colcon_core.package_identification:_identify(log) by extension 'ignore'
[0.450s] Level 1:colcon.colcon_core.package_identification:_identify(log) ignored
[0.450s] Level 1:colcon.colcon_core.package_discovery:discover_packages(recursive) using defaults
[0.450s] Level 1:colcon.colcon_core.package_discovery:discover_packages(ignore) discover
[0.450s] Level 1:colcon.colcon_core.package_discovery:discover_packages(ignore) using defaults
[0.450s] Level 1:colcon.colcon_core.package_discovery:discover_packages(path) discover
[0.450s] Level 1:colcon.colcon_core.package_discovery:discover_packages(path) using defaults
[0.474s] INFO:colcon.colcon_core.package_selection:Skipping not selected package 'fanuc_resources' in 'fanuc_resources'
[0.475s] Level 1:colcon.colcon_core.package_discovery:discover_packages(prefix_path) check parameters
[0.475s] Level 1:colcon.colcon_core.package_discovery:discover_packages(prefix_path) discover
[0.477s] DEBUG:colcon.colcon_installed_package_information.package_discovery:Found 2 installed packages in /home/cuk/fanuc_cuk_ws/install
[0.479s] DEBUG:colcon.colcon_installed_package_information.package_discovery:Found 405 installed packages in /opt/ros/humble
[0.481s] Level 1:colcon.colcon_core.package_discovery:discover_packages(prefix_path) using defaults
[0.544s] Level 5:colcon.colcon_core.verb:set package 'fanuc_crx10ia_support' build argument 'cmake_args' from command line to 'None'
[0.544s] Level 5:colcon.colcon_core.verb:set package 'fanuc_crx10ia_support' build argument 'cmake_target' from command line to 'None'
[0.544s] Level 5:colcon.colcon_core.verb:set package 'fanuc_crx10ia_support' build argument 'cmake_target_skip_unavailable' from command line to 'False'
[0.544s] Level 5:colcon.colcon_core.verb:set package 'fanuc_crx10ia_support' build argument 'cmake_clean_cache' from command line to 'False'
[0.544s] Level 5:colcon.colcon_core.verb:set package 'fanuc_crx10ia_support' build argument 'cmake_clean_first' from command line to 'False'
[0.544s] Level 5:colcon.colcon_core.verb:set package 'fanuc_crx10ia_support' build argument 'cmake_force_configure' from command line to 'False'
[0.544s] Level 5:colcon.colcon_core.verb:set package 'fanuc_crx10ia_support' build argument 'ament_cmake_args' from command line to 'None'
[0.544s] Level 5:colcon.colcon_core.verb:set package 'fanuc_crx10ia_support' build argument 'catkin_cmake_args' from command line to 'None'
[0.544s] Level 5:colcon.colcon_core.verb:set package 'fanuc_crx10ia_support' build argument 'catkin_skip_building_tests' from command line to 'False'
[0.544s] DEBUG:colcon.colcon_core.verb:Building package 'fanuc_crx10ia_support' with the following arguments: {'ament_cmake_args': None, 'build_base': '/home/cuk/fanuc_cuk_ws/build/fanuc_crx10ia_support', 'catkin_cmake_args': None, 'catkin_skip_building_tests': False, 'cmake_args': None, 'cmake_clean_cache': False, 'cmake_clean_first': False, 'cmake_force_configure': False, 'cmake_target': None, 'cmake_target_skip_unavailable': False, 'install_base': '/home/cuk/fanuc_cuk_ws/install/fanuc_crx10ia_support', 'merge_install': False, 'path': '/home/cuk/fanuc_cuk_ws/fanuc_crx10ia_support', 'symlink_install': False, 'test_result_base': None}
[0.545s] INFO:colcon.colcon_core.executor:Executing jobs using 'parallel' executor
[0.546s] DEBUG:colcon.colcon_parallel_executor.executor.parallel:run_until_complete
[0.546s] INFO:colcon.colcon_ros.task.ament_cmake.build:Building ROS package in '/home/cuk/fanuc_cuk_ws/fanuc_crx10ia_support' with build type 'ament_cmake'
[0.546s] INFO:colcon.colcon_cmake.task.cmake.build:Building CMake package in '/home/cuk/fanuc_cuk_ws/fanuc_crx10ia_support'
[0.549s] INFO:colcon.colcon_core.plugin_system:Skipping extension 'colcon_core.shell.bat': Not used on non-Windows systems
[0.550s] INFO:colcon.colcon_core.shell:Skip shell extension 'powershell' for command environment: Not usable outside of PowerShell
[0.550s] DEBUG:colcon.colcon_core.shell:Skip shell extension 'dsv' for command environment
[0.568s] DEBUG:colcon.colcon_core.event_handler.log_command:Invoking command in '/home/cuk/fanuc_cuk_ws/build/fanuc_crx10ia_support': CMAKE_PREFIX_PATH=/home/cuk/fanuc_cuk_ws/install/fanuc_resources:/home/cuk/fanuc_cuk_ws/install/fanuc_crx10ia_support:/opt/ros/humble /usr/bin/cmake --build /home/cuk/fanuc_cuk_ws/build/fanuc_crx10ia_support -- -j12 -l12
[0.642s] DEBUG:colcon.colcon_core.event_handler.log_command:Invoked command in '/home/cuk/fanuc_cuk_ws/build/fanuc_crx10ia_support' returned '0': CMAKE_PREFIX_PATH=/home/cuk/fanuc_cuk_ws/install/fanuc_resources:/home/cuk/fanuc_cuk_ws/install/fanuc_crx10ia_support:/opt/ros/humble /usr/bin/cmake --build /home/cuk/fanuc_cuk_ws/build/fanuc_crx10ia_support -- -j12 -l12
[0.660s] DEBUG:colcon.colcon_core.event_handler.log_command:Invoking command in '/home/cuk/fanuc_cuk_ws/build/fanuc_crx10ia_support': CMAKE_PREFIX_PATH=/home/cuk/fanuc_cuk_ws/install/fanuc_resources:/home/cuk/fanuc_cuk_ws/install/fanuc_crx10ia_support:/opt/ros/humble /usr/bin/cmake --install /home/cuk/fanuc_cuk_ws/build/fanuc_crx10ia_support
[0.680s] Level 1:colcon.colcon_core.environment:create_environment_scripts_only(fanuc_crx10ia_support)
[0.681s] DEBUG:colcon.colcon_core.event_handler.log_command:Invoked command in '/home/cuk/fanuc_cuk_ws/build/fanuc_crx10ia_support' returned '0': CMAKE_PREFIX_PATH=/home/cuk/fanuc_cuk_ws/install/fanuc_resources:/home/cuk/fanuc_cuk_ws/install/fanuc_crx10ia_support:/opt/ros/humble /usr/bin/cmake --install /home/cuk/fanuc_cuk_ws/build/fanuc_crx10ia_support
[0.683s] Level 1:colcon.colcon_core.environment:checking '/home/cuk/fanuc_cuk_ws/install/fanuc_crx10ia_support' for CMake module files
[0.684s] Level 1:colcon.colcon_core.environment:checking '/home/cuk/fanuc_cuk_ws/install/fanuc_crx10ia_support' for CMake config files
[0.684s] Level 1:colcon.colcon_core.shell:create_environment_hook('fanuc_crx10ia_support', 'cmake_prefix_path')
[0.685s] INFO:colcon.colcon_core.shell:Creating environment hook '/home/cuk/fanuc_cuk_ws/install/fanuc_crx10ia_support/share/fanuc_crx10ia_support/hook/cmake_prefix_path.ps1'
[0.686s] INFO:colcon.colcon_core.shell:Creating environment descriptor '/home/cuk/fanuc_cuk_ws/install/fanuc_crx10ia_support/share/fanuc_crx10ia_support/hook/cmake_prefix_path.dsv'
[0.687s] INFO:colcon.colcon_core.shell:Creating environment hook '/home/cuk/fanuc_cuk_ws/install/fanuc_crx10ia_support/share/fanuc_crx10ia_support/hook/cmake_prefix_path.sh'
[0.688s] Level 1:colcon.colcon_core.environment:checking '/home/cuk/fanuc_cuk_ws/install/fanuc_crx10ia_support/lib'
[0.689s] Level 1:colcon.colcon_core.environment:checking '/home/cuk/fanuc_cuk_ws/install/fanuc_crx10ia_support/bin'
[0.689s] Level 1:colcon.colcon_core.environment:checking '/home/cuk/fanuc_cuk_ws/install/fanuc_crx10ia_support/lib/pkgconfig/fanuc_crx10ia_support.pc'
[0.689s] Level 1:colcon.colcon_core.environment:checking '/home/cuk/fanuc_cuk_ws/install/fanuc_crx10ia_support/lib/python3.10/site-packages'
[0.689s] Level 1:colcon.colcon_core.environment:checking '/home/cuk/fanuc_cuk_ws/install/fanuc_crx10ia_support/bin'
[0.690s] INFO:colcon.colcon_core.shell:Creating package script '/home/cuk/fanuc_cuk_ws/install/fanuc_crx10ia_support/share/fanuc_crx10ia_support/package.ps1'
[0.691s] INFO:colcon.colcon_core.shell:Creating package descriptor '/home/cuk/fanuc_cuk_ws/install/fanuc_crx10ia_support/share/fanuc_crx10ia_support/package.dsv'
[0.691s] INFO:colcon.colcon_core.shell:Creating package script '/home/cuk/fanuc_cuk_ws/install/fanuc_crx10ia_support/share/fanuc_crx10ia_support/package.sh'
[0.692s] INFO:colcon.colcon_core.shell:Creating package script '/home/cuk/fanuc_cuk_ws/install/fanuc_crx10ia_support/share/fanuc_crx10ia_support/package.bash'
[0.693s] INFO:colcon.colcon_core.shell:Creating package script '/home/cuk/fanuc_cuk_ws/install/fanuc_crx10ia_support/share/fanuc_crx10ia_support/package.zsh'
[0.694s] Level 1:colcon.colcon_core.environment:create_file_with_runtime_dependencies(/home/cuk/fanuc_cuk_ws/install/fanuc_crx10ia_support/share/colcon-core/packages/fanuc_crx10ia_support)
[0.695s] Level 1:colcon.colcon_core.environment:create_environment_scripts_only(fanuc_crx10ia_support)
[0.695s] Level 1:colcon.colcon_core.environment:checking '/home/cuk/fanuc_cuk_ws/install/fanuc_crx10ia_support' for CMake module files
[0.695s] Level 1:colcon.colcon_core.environment:checking '/home/cuk/fanuc_cuk_ws/install/fanuc_crx10ia_support' for CMake config files
[0.696s] Level 1:colcon.colcon_core.shell:create_environment_hook('fanuc_crx10ia_support', 'cmake_prefix_path')
[0.696s] INFO:colcon.colcon_core.shell:Creating environment hook '/home/cuk/fanuc_cuk_ws/install/fanuc_crx10ia_support/share/fanuc_crx10ia_support/hook/cmake_prefix_path.ps1'
[0.697s] INFO:colcon.colcon_core.shell:Creating environment descriptor '/home/cuk/fanuc_cuk_ws/install/fanuc_crx10ia_support/share/fanuc_crx10ia_support/hook/cmake_prefix_path.dsv'
[0.697s] INFO:colcon.colcon_core.shell:Creating environment hook '/home/cuk/fanuc_cuk_ws/install/fanuc_crx10ia_support/share/fanuc_crx10ia_support/hook/cmake_prefix_path.sh'
[0.698s] Level 1:colcon.colcon_core.environment:checking '/home/cuk/fanuc_cuk_ws/install/fanuc_crx10ia_support/lib'
[0.698s] Level 1:colcon.colcon_core.environment:checking '/home/cuk/fanuc_cuk_ws/install/fanuc_crx10ia_support/bin'
[0.698s] Level 1:colcon.colcon_core.environment:checking '/home/cuk/fanuc_cuk_ws/install/fanuc_crx10ia_support/lib/pkgconfig/fanuc_crx10ia_support.pc'
[0.698s] Level 1:colcon.colcon_core.environment:checking '/home/cuk/fanuc_cuk_ws/install/fanuc_crx10ia_support/lib/python3.10/site-packages'
[0.698s] Level 1:colcon.colcon_core.environment:checking '/home/cuk/fanuc_cuk_ws/install/fanuc_crx10ia_support/bin'
[0.699s] INFO:colcon.colcon_core.shell:Creating package script '/home/cuk/fanuc_cuk_ws/install/fanuc_crx10ia_support/share/fanuc_crx10ia_support/package.ps1'
[0.699s] INFO:colcon.colcon_core.shell:Creating package descriptor '/home/cuk/fanuc_cuk_ws/install/fanuc_crx10ia_support/share/fanuc_crx10ia_support/package.dsv'
[0.700s] INFO:colcon.colcon_core.shell:Creating package script '/home/cuk/fanuc_cuk_ws/install/fanuc_crx10ia_support/share/fanuc_crx10ia_support/package.sh'
[0.700s] INFO:colcon.colcon_core.shell:Creating package script '/home/cuk/fanuc_cuk_ws/install/fanuc_crx10ia_support/share/fanuc_crx10ia_support/package.bash'
[0.701s] INFO:colcon.colcon_core.shell:Creating package script '/home/cuk/fanuc_cuk_ws/install/fanuc_crx10ia_support/share/fanuc_crx10ia_support/package.zsh'
[0.701s] Level 1:colcon.colcon_core.environment:create_file_with_runtime_dependencies(/home/cuk/fanuc_cuk_ws/install/fanuc_crx10ia_support/share/colcon-core/packages/fanuc_crx10ia_support)
[0.702s] DEBUG:colcon.colcon_parallel_executor.executor.parallel:closing loop
[0.702s] DEBUG:colcon.colcon_parallel_executor.executor.parallel:loop closed
[0.702s] DEBUG:colcon.colcon_parallel_executor.executor.parallel:run_until_complete finished with '0'
[0.702s] DEBUG:colcon.colcon_core.event_reactor:joining thread
[0.713s] INFO:colcon.colcon_core.plugin_system:Skipping extension 'colcon_notification.desktop_notification.terminal_notifier': Not used on non-Darwin systems
[0.713s] INFO:colcon.colcon_core.plugin_system:Skipping extension 'colcon_notification.desktop_notification.win32': Not used on non-Windows systems
[0.713s] INFO:colcon.colcon_notification.desktop_notification:Sending desktop notification using 'notify2'
[0.729s] DEBUG:colcon.colcon_core.event_reactor:joined thread
[0.730s] INFO:colcon.colcon_core.shell:Creating prefix script '/home/cuk/fanuc_cuk_ws/install/local_setup.ps1'
[0.731s] INFO:colcon.colcon_core.shell:Creating prefix util module '/home/cuk/fanuc_cuk_ws/install/_local_setup_util_ps1.py'
[0.734s] INFO:colcon.colcon_core.shell:Creating prefix chain script '/home/cuk/fanuc_cuk_ws/install/setup.ps1'
[0.735s] INFO:colcon.colcon_core.shell:Creating prefix script '/home/cuk/fanuc_cuk_ws/install/local_setup.sh'
[0.736s] INFO:colcon.colcon_core.shell:Creating prefix util module '/home/cuk/fanuc_cuk_ws/install/_local_setup_util_sh.py'
[0.737s] INFO:colcon.colcon_core.shell:Creating prefix chain script '/home/cuk/fanuc_cuk_ws/install/setup.sh'
[0.739s] INFO:colcon.colcon_core.shell:Creating prefix script '/home/cuk/fanuc_cuk_ws/install/local_setup.bash'
[0.740s] INFO:colcon.colcon_core.shell:Creating prefix chain script '/home/cuk/fanuc_cuk_ws/install/setup.bash'
[0.742s] INFO:colcon.colcon_core.shell:Creating prefix script '/home/cuk/fanuc_cuk_ws/install/local_setup.zsh'
[0.743s] INFO:colcon.colcon_core.shell:Creating prefix chain script '/home/cuk/fanuc_cuk_ws/install/setup.zsh'
